2025-04-06 07:32:47 INFO: 実行開始
2025-04-06 07:32:47 INFO: SpecialDate シート内容:
Empty DataFrame
Columns: [SpecialDate, ParsedDate]
Index: []
2025-04-06 07:32:48 INFO: parse_jp_date の結果:
2025-04-06 07:32:48 INFO: special_dates に格納された日付: []
2025-04-06 07:32:48 INFO: === ユーザー 52003401 の予約を開始 ===
2025-04-06 07:32:48 INFO: TimePattern: B3
2025-04-06 07:32:48 INFO: ====== WebDriver manager ======
2025-04-06 07:32:49 INFO: Get LATEST chromedriver version for google-chrome
2025-04-06 07:32:49 INFO: Get LATEST chromedriver version for google-chrome
2025-04-06 07:32:49 INFO: Driver [C:\Users\ruiyo\.wdm\drivers\chromedriver\win64\134.0.6998.165\chromedriver-win32/chromedriver.exe] found in cache
2025-04-06 07:32:51 INFO: ログイン後のアラートを受け付けました
2025-04-06 07:32:51 INFO: ログイン後 - 利用方法選択へ遷移
2025-04-06 07:32:54 INFO: 利用目的・種別を選択完了
2025-04-06 07:32:54 INFO: ▼ 選択対象の施設一覧: ['立沼テニス場', '大沼公園グラウンド']
2025-04-06 07:32:54 INFO: 施設チェック: 立沼テニス場 のチェックボックスを探します
2025-04-06 07:32:55 INFO:  → 立沼テニス場 チェック成功
2025-04-06 07:32:55 INFO: 施設チェック: 大沼公園グラウンド のチェックボックスを探します
2025-04-06 07:32:55 INFO:  → 大沼公園グラウンド チェック成功
2025-04-06 07:32:55 INFO: 施設選択完了
2025-04-06 07:32:58 INFO: (A) 施設別空き状況ページ到達
2025-04-06 07:33:18 INFO: (B) 時間帯別空き状況ページ到達 - ここでコート/時間帯をクリック
2025-04-06 07:33:20 INFO:   → 日付テーブル数: 62
2025-04-06 07:33:20 INFO: 
  *** 対象日付テーブル: 2025/07/01 ***
2025-04-06 07:33:20 INFO:     → 2025/07/01 は day_key=火曜日
2025-04-06 07:33:20 ERROR:     → day_key:火曜日 は 大沼公園グラウンド の設定に存在しない (スキップ)
2025-04-06 07:33:20 INFO: 
  *** 対象日付テーブル: 2025/07/01 ***
2025-04-06 07:33:20 INFO:     → 2025/07/01 は day_key=火曜日
2025-04-06 07:33:20 INFO:     → コート行の件数: 2
2025-04-06 07:33:20 INFO:     → ヘッダセルの件数: 6
2025-04-06 07:33:20 INFO:       → 予約選択: 2025/07/01 立沼テニス場 硬式Ｂ 15:00〜17:00
2025-04-06 07:33:20 INFO: 
  *** 対象日付テーブル: 2025/07/02 ***
2025-04-06 07:33:20 INFO:     → 2025/07/02 は day_key=水曜日
2025-04-06 07:33:20 ERROR:     → day_key:水曜日 は 大沼公園グラウンド の設定に存在しない (スキップ)
2025-04-06 07:33:20 INFO: 
  *** 対象日付テーブル: 2025/07/02 ***
2025-04-06 07:33:20 INFO:     → 2025/07/02 は day_key=水曜日
2025-04-06 07:33:20 INFO:     → コート行の件数: 2
2025-04-06 07:33:20 INFO:     → ヘッダセルの件数: 6
2025-04-06 07:33:20 INFO:       → 予約選択: 2025/07/02 立沼テニス場 硬式Ｂ 15:00〜17:00
2025-04-06 07:33:21 INFO: 
  *** 対象日付テーブル: 2025/07/03 ***
2025-04-06 07:33:21 INFO:     → 2025/07/03 は day_key=木曜日
2025-04-06 07:33:21 INFO:     → コート行の件数: 7
2025-04-06 07:33:21 INFO:     → ヘッダセルの件数: 8
2025-04-06 07:33:21 INFO:       → 予約選択: 2025/07/03 大沼公園グラウンド 共用Ｂ 9:00〜11:00
2025-04-06 07:33:21 INFO:       → 予約選択: 2025/07/03 大沼公園グラウンド 共用Ｂ 11:00〜13:00
2025-04-06 07:33:21 INFO: 
  *** 対象日付テーブル: 2025/07/03 ***
2025-04-06 07:33:21 INFO:     → 2025/07/03 は day_key=木曜日
2025-04-06 07:33:21 ERROR:     → day_key:木曜日 は 立沼テニス場 の設定に存在しない (スキップ)
2025-04-06 07:33:22 INFO: 
  *** 対象日付テーブル: 2025/07/04 ***
2025-04-06 07:33:22 INFO:     → 2025/07/04 は day_key=金曜日
2025-04-06 07:33:22 INFO:     → コート行の件数: 7
2025-04-06 07:33:22 INFO:     → ヘッダセルの件数: 8
2025-04-06 07:33:22 INFO:       → 予約選択: 2025/07/04 大沼公園グラウンド 共用Ｂ 9:00〜11:00
2025-04-06 07:33:22 INFO:       → 予約選択: 2025/07/04 大沼公園グラウンド 共用Ｂ 11:00〜13:00
2025-04-06 07:33:22 INFO: 
  *** 対象日付テーブル: 2025/07/04 ***
2025-04-06 07:33:22 INFO:     → 2025/07/04 は day_key=金曜日
2025-04-06 07:33:22 ERROR:     → day_key:金曜日 は 立沼テニス場 の設定に存在しない (スキップ)
2025-04-06 07:33:22 INFO: 
  *** 対象日付テーブル: 2025/07/05 ***
2025-04-06 07:33:22 INFO:     → 2025/07/05 は day_key=土曜日
2025-04-06 07:33:22 INFO:     → コート行の件数: 7
2025-04-06 07:33:22 INFO:     → ヘッダセルの件数: 8
2025-04-06 07:33:22 INFO:       → 予約選択: 2025/07/05 大沼公園グラウンド 共用Ｂ 15:00〜17:00
2025-04-06 07:33:23 INFO: 
  *** 対象日付テーブル: 2025/07/05 ***
2025-04-06 07:33:23 INFO:     → 2025/07/05 は day_key=土曜日
2025-04-06 07:33:23 INFO:     → コート行の件数: 2
2025-04-06 07:33:23 INFO:     → ヘッダセルの件数: 6
2025-04-06 07:33:23 INFO:       → 予約選択: 2025/07/05 立沼テニス場 硬式Ｂ 15:00〜17:00
2025-04-06 07:33:23 INFO: 
  *** 対象日付テーブル: 2025/07/06 ***
2025-04-06 07:33:23 INFO:     → 2025/07/06 は day_key=日曜日
2025-04-06 07:33:23 INFO:     → コート行の件数: 7
2025-04-06 07:33:23 INFO:     → ヘッダセルの件数: 8
2025-04-06 07:33:23 ERROR:       → 予約不可: 大沼公園グラウンド 共用Ｂ 15:00〜17:00 → ×
2025-04-06 07:33:23 INFO: 
  *** 対象日付テーブル: 2025/07/06 ***
2025-04-06 07:33:23 INFO:     → 2025/07/06 は day_key=日曜日
2025-04-06 07:33:23 INFO:     → コート行の件数: 2
2025-04-06 07:33:23 INFO:     → ヘッダセルの件数: 6
2025-04-06 07:33:24 INFO:       → 予約選択: 2025/07/06 立沼テニス場 硬式Ｂ 15:00〜17:00
2025-04-06 07:33:24 INFO: 
  *** 対象日付テーブル: 2025/07/07 ***
2025-04-06 07:33:24 INFO:     → 2025/07/07 は day_key=月曜日
2025-04-06 07:33:24 ERROR:     → day_key:月曜日 は 大沼公園グラウンド の設定に存在しない (スキップ)
2025-04-06 07:33:24 INFO: 
  *** 対象日付テーブル: 2025/07/07 ***
2025-04-06 07:33:24 INFO:     → 2025/07/07 は day_key=月曜日
2025-04-06 07:33:24 ERROR:     → day_key:月曜日 は 立沼テニス場 の設定に存在しない (スキップ)
2025-04-06 07:33:24 INFO: 
  *** 対象日付テーブル: 2025/07/08 ***
2025-04-06 07:33:24 INFO:     → 2025/07/08 は day_key=火曜日
2025-04-06 07:33:24 ERROR:     → day_key:火曜日 は 大沼公園グラウンド の設定に存在しない (スキップ)
2025-04-06 07:33:24 INFO: 
  *** 対象日付テーブル: 2025/07/08 ***
2025-04-06 07:33:24 INFO:     → 2025/07/08 は day_key=火曜日
2025-04-06 07:33:24 INFO:     → コート行の件数: 2
2025-04-06 07:33:24 INFO:     → ヘッダセルの件数: 6
2025-04-06 07:33:24 INFO:       → 予約選択: 2025/07/08 立沼テニス場 硬式Ｂ 15:00〜17:00
2025-04-06 07:33:24 INFO: 
  *** 対象日付テーブル: 2025/07/09 ***
2025-04-06 07:33:24 INFO:     → 2025/07/09 は day_key=水曜日
2025-04-06 07:33:24 ERROR:     → day_key:水曜日 は 大沼公園グラウンド の設定に存在しない (スキップ)
2025-04-06 07:33:24 INFO: 
  *** 対象日付テーブル: 2025/07/09 ***
2025-04-06 07:33:24 INFO:     → 2025/07/09 は day_key=水曜日
2025-04-06 07:33:24 INFO:     → コート行の件数: 2
2025-04-06 07:33:24 INFO:     → ヘッダセルの件数: 6
2025-04-06 07:33:24 INFO:       → 予約選択: 2025/07/09 立沼テニス場 硬式Ｂ 15:00〜17:00
2025-04-06 07:33:25 INFO: 
  *** 対象日付テーブル: 2025/07/10 ***
2025-04-06 07:33:25 INFO:     → 2025/07/10 は day_key=木曜日
2025-04-06 07:33:25 INFO:     → コート行の件数: 7
2025-04-06 07:33:25 INFO:     → ヘッダセルの件数: 8
2025-04-06 07:33:25 INFO:       → 予約選択: 2025/07/10 大沼公園グラウンド 共用Ｂ 9:00〜11:00
2025-04-06 07:33:25 INFO:       → 予約選択: 2025/07/10 大沼公園グラウンド 共用Ｂ 11:00〜13:00
2025-04-06 07:33:25 INFO: 
  *** 対象日付テーブル: 2025/07/10 ***
2025-04-06 07:33:25 INFO:     → 2025/07/10 は day_key=木曜日
2025-04-06 07:33:25 ERROR:     → day_key:木曜日 は 立沼テニス場 の設定に存在しない (スキップ)
2025-04-06 07:33:25 INFO: 
  *** 対象日付テーブル: 2025/07/11 ***
2025-04-06 07:33:25 INFO:     → 2025/07/11 は day_key=金曜日
2025-04-06 07:33:26 INFO:     → コート行の件数: 7
2025-04-06 07:33:26 INFO:     → ヘッダセルの件数: 8
2025-04-06 07:33:26 INFO:       → 予約選択: 2025/07/11 大沼公園グラウンド 共用Ｂ 9:00〜11:00
2025-04-06 07:33:26 INFO:       → 予約選択: 2025/07/11 大沼公園グラウンド 共用Ｂ 11:00〜13:00
2025-04-06 07:33:26 INFO: 
  *** 対象日付テーブル: 2025/07/11 ***
2025-04-06 07:33:26 INFO:     → 2025/07/11 は day_key=金曜日
2025-04-06 07:33:26 ERROR:     → day_key:金曜日 は 立沼テニス場 の設定に存在しない (スキップ)
2025-04-06 07:33:26 INFO: 
  *** 対象日付テーブル: 2025/07/12 ***
2025-04-06 07:33:26 INFO:     → 2025/07/12 は day_key=土曜日
2025-04-06 07:33:26 INFO:     → コート行の件数: 7
2025-04-06 07:33:26 INFO:     → ヘッダセルの件数: 8
2025-04-06 07:33:26 INFO:       → 予約選択: 2025/07/12 大沼公園グラウンド 共用Ｂ 15:00〜17:00
2025-04-06 07:33:27 INFO: 
  *** 対象日付テーブル: 2025/07/12 ***
2025-04-06 07:33:27 INFO:     → 2025/07/12 は day_key=土曜日
2025-04-06 07:33:27 INFO:     → コート行の件数: 2
2025-04-06 07:33:27 INFO:     → ヘッダセルの件数: 6
2025-04-06 07:33:27 INFO:       → 予約選択: 2025/07/12 立沼テニス場 硬式Ｂ 15:00〜17:00
2025-04-06 07:33:27 INFO: 
  *** 対象日付テーブル: 2025/07/13 ***
2025-04-06 07:33:27 INFO:     → 2025/07/13 は day_key=日曜日
2025-04-06 07:33:27 INFO:     → コート行の件数: 7
2025-04-06 07:33:27 INFO:     → ヘッダセルの件数: 8
2025-04-06 07:33:27 ERROR:       → 予約不可: 大沼公園グラウンド 共用Ｂ 15:00〜17:00 → ×
2025-04-06 07:33:27 INFO: 
  *** 対象日付テーブル: 2025/07/13 ***
2025-04-06 07:33:27 INFO:     → 2025/07/13 は day_key=日曜日
2025-04-06 07:33:27 INFO:     → コート行の件数: 2
2025-04-06 07:33:27 INFO:     → ヘッダセルの件数: 6
2025-04-06 07:33:28 INFO:       → 予約選択: 2025/07/13 立沼テニス場 硬式Ｂ 15:00〜17:00
2025-04-06 07:33:28 INFO: 
  *** 対象日付テーブル: 2025/07/14 ***
2025-04-06 07:33:28 INFO:     → 2025/07/14 は day_key=月曜日
2025-04-06 07:33:28 ERROR:     → day_key:月曜日 は 大沼公園グラウンド の設定に存在しない (スキップ)
2025-04-06 07:33:28 INFO: 
  *** 対象日付テーブル: 2025/07/14 ***
2025-04-06 07:33:28 INFO:     → 2025/07/14 は day_key=月曜日
2025-04-06 07:33:28 ERROR:     → day_key:月曜日 は 立沼テニス場 の設定に存在しない (スキップ)
2025-04-06 07:33:28 INFO: 
  *** 対象日付テーブル: 2025/07/15 ***
2025-04-06 07:33:28 INFO:     → 2025/07/15 は day_key=火曜日
2025-04-06 07:33:28 ERROR:     → day_key:火曜日 は 大沼公園グラウンド の設定に存在しない (スキップ)
2025-04-06 07:33:28 INFO: 
  *** 対象日付テーブル: 2025/07/15 ***
2025-04-06 07:33:28 INFO:     → 2025/07/15 は day_key=火曜日
2025-04-06 07:33:28 INFO:     → コート行の件数: 2
2025-04-06 07:33:28 INFO:     → ヘッダセルの件数: 6
2025-04-06 07:33:28 INFO:       → 予約選択: 2025/07/15 立沼テニス場 硬式Ｂ 15:00〜17:00
2025-04-06 07:33:28 INFO: 
  *** 対象日付テーブル: 2025/07/16 ***
2025-04-06 07:33:28 INFO:     → 2025/07/16 は day_key=水曜日
2025-04-06 07:33:28 ERROR:     → day_key:水曜日 は 大沼公園グラウンド の設定に存在しない (スキップ)
2025-04-06 07:33:28 INFO: 
  *** 対象日付テーブル: 2025/07/16 ***
2025-04-06 07:33:28 INFO:     → 2025/07/16 は day_key=水曜日
2025-04-06 07:33:28 INFO:     → コート行の件数: 2
2025-04-06 07:33:28 INFO:     → ヘッダセルの件数: 6
2025-04-06 07:33:29 INFO:       → 予約選択: 2025/07/16 立沼テニス場 硬式Ｂ 15:00〜17:00
2025-04-06 07:33:29 INFO: 
  *** 対象日付テーブル: 2025/07/17 ***
2025-04-06 07:33:29 INFO:     → 2025/07/17 は day_key=木曜日
2025-04-06 07:33:29 INFO:     → コート行の件数: 7
2025-04-06 07:33:29 INFO:     → ヘッダセルの件数: 8
2025-04-06 07:33:29 INFO:       → 予約選択: 2025/07/17 大沼公園グラウンド 共用Ｂ 9:00〜11:00
2025-04-06 07:33:29 INFO:       → 予約選択: 2025/07/17 大沼公園グラウンド 共用Ｂ 11:00〜13:00
2025-04-06 07:33:30 INFO: 
  *** 対象日付テーブル: 2025/07/17 ***
2025-04-06 07:33:30 INFO:     → 2025/07/17 は day_key=木曜日
2025-04-06 07:33:30 ERROR:     → day_key:木曜日 は 立沼テニス場 の設定に存在しない (スキップ)
2025-04-06 07:33:30 INFO: 
  *** 対象日付テーブル: 2025/07/18 ***
2025-04-06 07:33:30 INFO:     → 2025/07/18 は day_key=金曜日
2025-04-06 07:33:30 INFO:     → コート行の件数: 7
2025-04-06 07:33:30 INFO:     → ヘッダセルの件数: 8
2025-04-06 07:33:30 INFO:       → 予約選択: 2025/07/18 大沼公園グラウンド 共用Ｂ 9:00〜11:00
2025-04-06 07:33:30 INFO:       → 予約選択: 2025/07/18 大沼公園グラウンド 共用Ｂ 11:00〜13:00
2025-04-06 07:33:30 INFO: 
  *** 対象日付テーブル: 2025/07/18 ***
2025-04-06 07:33:30 INFO:     → 2025/07/18 は day_key=金曜日
2025-04-06 07:33:30 ERROR:     → day_key:金曜日 は 立沼テニス場 の設定に存在しない (スキップ)
2025-04-06 07:33:30 INFO: 
  *** 対象日付テーブル: 2025/07/19 ***
2025-04-06 07:33:30 INFO:     → 2025/07/19 は day_key=土曜日
2025-04-06 07:33:30 INFO:     → コート行の件数: 7
2025-04-06 07:33:30 INFO:     → ヘッダセルの件数: 8
2025-04-06 07:33:31 INFO:       → 予約選択: 2025/07/19 大沼公園グラウンド 共用Ｂ 15:00〜17:00
2025-04-06 07:33:31 INFO: 
  *** 対象日付テーブル: 2025/07/19 ***
2025-04-06 07:33:31 INFO:     → 2025/07/19 は day_key=土曜日
2025-04-06 07:33:31 INFO:     → コート行の件数: 2
2025-04-06 07:33:31 INFO:     → ヘッダセルの件数: 6
2025-04-06 07:33:31 INFO:       → 予約選択: 2025/07/19 立沼テニス場 硬式Ｂ 15:00〜17:00
2025-04-06 07:33:31 INFO: 
  *** 対象日付テーブル: 2025/07/20 ***
2025-04-06 07:33:31 INFO:     → 2025/07/20 は day_key=日曜日
2025-04-06 07:33:31 INFO:     → コート行の件数: 7
2025-04-06 07:33:31 INFO:     → ヘッダセルの件数: 8
2025-04-06 07:33:31 INFO:       → 予約選択: 2025/07/20 大沼公園グラウンド 共用Ｂ 15:00〜17:00
2025-04-06 07:33:32 INFO: 
  *** 対象日付テーブル: 2025/07/20 ***
2025-04-06 07:33:32 INFO:     → 2025/07/20 は day_key=日曜日
2025-04-06 07:33:32 INFO:     → コート行の件数: 2
2025-04-06 07:33:32 INFO:     → ヘッダセルの件数: 6
2025-04-06 07:33:32 INFO:       → 予約選択: 2025/07/20 立沼テニス場 硬式Ｂ 15:00〜17:00
2025-04-06 07:33:32 INFO: 
  *** 対象日付テーブル: 2025/07/21 ***
2025-04-06 07:33:32 INFO:     → 2025/07/21 は day_key=祝日
2025-04-06 07:33:32 INFO:     → コート行の件数: 7
2025-04-06 07:33:32 INFO:     → ヘッダセルの件数: 8
2025-04-06 07:33:32 INFO:       → 予約選択: 2025/07/21 大沼公園グラウンド 共用Ｂ 15:00〜17:00
2025-04-06 07:33:33 INFO: 
  *** 対象日付テーブル: 2025/07/21 ***
2025-04-06 07:33:33 INFO:     → 2025/07/21 は day_key=祝日
2025-04-06 07:33:33 INFO:     → コート行の件数: 2
2025-04-06 07:33:33 INFO:     → ヘッダセルの件数: 6
2025-04-06 07:33:33 INFO:       → 予約選択: 2025/07/21 立沼テニス場 硬式Ｂ 15:00〜17:00
2025-04-06 07:33:33 INFO: 
  *** 対象日付テーブル: 2025/07/22 ***
2025-04-06 07:33:33 INFO:     → 2025/07/22 は day_key=火曜日
2025-04-06 07:33:33 ERROR:     → day_key:火曜日 は 大沼公園グラウンド の設定に存在しない (スキップ)
2025-04-06 07:33:33 INFO: 
  *** 対象日付テーブル: 2025/07/22 ***
2025-04-06 07:33:33 INFO:     → 2025/07/22 は day_key=火曜日
2025-04-06 07:33:33 INFO:     → コート行の件数: 2
2025-04-06 07:33:33 INFO:     → ヘッダセルの件数: 6
2025-04-06 07:33:33 INFO:       → 予約選択: 2025/07/22 立沼テニス場 硬式Ｂ 15:00〜17:00
2025-04-06 07:33:33 INFO: 
  *** 対象日付テーブル: 2025/07/23 ***
2025-04-06 07:33:33 INFO:     → 2025/07/23 は day_key=水曜日
2025-04-06 07:33:33 ERROR:     → day_key:水曜日 は 大沼公園グラウンド の設定に存在しない (スキップ)
2025-04-06 07:33:33 INFO: 
  *** 対象日付テーブル: 2025/07/23 ***
2025-04-06 07:33:33 INFO:     → 2025/07/23 は day_key=水曜日
2025-04-06 07:33:33 INFO:     → コート行の件数: 2
2025-04-06 07:33:33 INFO:     → ヘッダセルの件数: 6
2025-04-06 07:33:34 INFO:       → 予約選択: 2025/07/23 立沼テニス場 硬式Ｂ 15:00〜17:00
2025-04-06 07:33:34 INFO: 
  *** 対象日付テーブル: 2025/07/24 ***
2025-04-06 07:33:34 INFO:     → 2025/07/24 は day_key=木曜日
2025-04-06 07:33:34 INFO:     → コート行の件数: 7
2025-04-06 07:33:34 INFO:     → ヘッダセルの件数: 8
2025-04-06 07:33:34 INFO:       → 予約選択: 2025/07/24 大沼公園グラウンド 共用Ｂ 9:00〜11:00
2025-04-06 07:33:34 INFO:       → 予約選択: 2025/07/24 大沼公園グラウンド 共用Ｂ 11:00〜13:00
2025-04-06 07:33:35 INFO: 
  *** 対象日付テーブル: 2025/07/24 ***
2025-04-06 07:33:35 INFO:     → 2025/07/24 は day_key=木曜日
2025-04-06 07:33:35 ERROR:     → day_key:木曜日 は 立沼テニス場 の設定に存在しない (スキップ)
2025-04-06 07:33:35 INFO: 
  *** 対象日付テーブル: 2025/07/25 ***
2025-04-06 07:33:35 INFO:     → 2025/07/25 は day_key=金曜日
2025-04-06 07:33:35 INFO:     → コート行の件数: 7
2025-04-06 07:33:35 INFO:     → ヘッダセルの件数: 8
2025-04-06 07:33:35 INFO:       → 予約選択: 2025/07/25 大沼公園グラウンド 共用Ｂ 9:00〜11:00
2025-04-06 07:33:35 INFO:       → 予約選択: 2025/07/25 大沼公園グラウンド 共用Ｂ 11:00〜13:00
2025-04-06 07:33:35 INFO: 
  *** 対象日付テーブル: 2025/07/25 ***
2025-04-06 07:33:35 INFO:     → 2025/07/25 は day_key=金曜日
2025-04-06 07:33:35 ERROR:     → day_key:金曜日 は 立沼テニス場 の設定に存在しない (スキップ)
2025-04-06 07:33:35 INFO: 
  *** 対象日付テーブル: 2025/07/26 ***
2025-04-06 07:33:35 INFO:     → 2025/07/26 は day_key=土曜日
2025-04-06 07:33:35 INFO:     → コート行の件数: 7
2025-04-06 07:33:35 INFO:     → ヘッダセルの件数: 8
2025-04-06 07:33:36 INFO:       → 予約選択: 2025/07/26 大沼公園グラウンド 共用Ｂ 15:00〜17:00
2025-04-06 07:33:36 INFO: 
  *** 対象日付テーブル: 2025/07/26 ***
2025-04-06 07:33:36 INFO:     → 2025/07/26 は day_key=土曜日
2025-04-06 07:33:36 INFO:     → コート行の件数: 2
2025-04-06 07:33:36 INFO:     → ヘッダセルの件数: 6
2025-04-06 07:33:36 INFO:       → 予約選択: 2025/07/26 立沼テニス場 硬式Ｂ 15:00〜17:00
2025-04-06 07:33:36 INFO: 
  *** 対象日付テーブル: 2025/07/27 ***
2025-04-06 07:33:36 INFO:     → 2025/07/27 は day_key=日曜日
2025-04-06 07:33:36 INFO:     → コート行の件数: 7
2025-04-06 07:33:36 INFO:     → ヘッダセルの件数: 8
2025-04-06 07:33:36 INFO:       → 予約選択: 2025/07/27 大沼公園グラウンド 共用Ｂ 15:00〜17:00
2025-04-06 07:33:37 INFO: 
  *** 対象日付テーブル: 2025/07/27 ***
2025-04-06 07:33:37 INFO:     → 2025/07/27 は day_key=日曜日
2025-04-06 07:33:37 INFO:     → コート行の件数: 2
2025-04-06 07:33:37 INFO:     → ヘッダセルの件数: 6
2025-04-06 07:33:37 INFO:       → 予約選択: 2025/07/27 立沼テニス場 硬式Ｂ 15:00〜17:00
2025-04-06 07:33:37 INFO: 
  *** 対象日付テーブル: 2025/07/28 ***
2025-04-06 07:33:37 INFO:     → 2025/07/28 は day_key=月曜日
2025-04-06 07:33:37 ERROR:     → day_key:月曜日 は 大沼公園グラウンド の設定に存在しない (スキップ)
2025-04-06 07:33:37 INFO: 
  *** 対象日付テーブル: 2025/07/28 ***
2025-04-06 07:33:37 INFO:     → 2025/07/28 は day_key=月曜日
2025-04-06 07:33:37 ERROR:     → day_key:月曜日 は 立沼テニス場 の設定に存在しない (スキップ)
2025-04-06 07:33:37 INFO: 
  *** 対象日付テーブル: 2025/07/29 ***
2025-04-06 07:33:37 INFO:     → 2025/07/29 は day_key=火曜日
2025-04-06 07:33:37 ERROR:     → day_key:火曜日 は 大沼公園グラウンド の設定に存在しない (スキップ)
2025-04-06 07:33:37 INFO: 
  *** 対象日付テーブル: 2025/07/29 ***
2025-04-06 07:33:37 INFO:     → 2025/07/29 は day_key=火曜日
2025-04-06 07:33:37 INFO:     → コート行の件数: 2
2025-04-06 07:33:37 INFO:     → ヘッダセルの件数: 6
2025-04-06 07:33:37 INFO:       → 予約選択: 2025/07/29 立沼テニス場 硬式Ｂ 15:00〜17:00
2025-04-06 07:33:38 INFO: 
  *** 対象日付テーブル: 2025/07/30 ***
2025-04-06 07:33:38 INFO:     → 2025/07/30 は day_key=水曜日
2025-04-06 07:33:38 ERROR:     → day_key:水曜日 は 大沼公園グラウンド の設定に存在しない (スキップ)
2025-04-06 07:33:38 INFO: 
  *** 対象日付テーブル: 2025/07/30 ***
2025-04-06 07:33:38 INFO:     → 2025/07/30 は day_key=水曜日
2025-04-06 07:33:38 INFO:     → コート行の件数: 2
2025-04-06 07:33:38 INFO:     → ヘッダセルの件数: 6
2025-04-06 07:33:38 INFO:       → 予約選択: 2025/07/30 立沼テニス場 硬式Ｂ 15:00〜17:00
2025-04-06 07:33:38 INFO: 
  *** 対象日付テーブル: 2025/07/31 ***
2025-04-06 07:33:38 INFO:     → 2025/07/31 は day_key=木曜日
2025-04-06 07:33:38 INFO:     → コート行の件数: 7
2025-04-06 07:33:38 INFO:     → ヘッダセルの件数: 8
2025-04-06 07:33:38 INFO:       → 予約選択: 2025/07/31 大沼公園グラウンド 共用Ｂ 9:00〜11:00
2025-04-06 07:33:39 INFO:       → 予約選択: 2025/07/31 大沼公園グラウンド 共用Ｂ 11:00〜13:00
2025-04-06 07:33:39 INFO: 
  *** 対象日付テーブル: 2025/07/31 ***
2025-04-06 07:33:39 INFO:     → 2025/07/31 は day_key=木曜日
2025-04-06 07:33:39 ERROR:     → day_key:木曜日 は 立沼テニス場 の設定に存在しない (スキップ)
2025-04-06 07:33:39 INFO: (C) 確認画面へ遷移
2025-04-06 07:34:07 INFO: 人数・コピー選択完了
2025-04-06 07:34:11 INFO: アラート発生: ＊の表示されている申込は、申込時間または申込回数または申込コマ数の制限を超えているため申込できません。詳細は注意事項欄をご覧ください。
2025-04-06 07:34:13 INFO: PDF保存: C:\pj\selenium\PDF\202504\52003401_山下_20250406_073413.pdf
2025-04-06 07:34:13 INFO: → ユーザー 52003401 の予約完了
2025-04-06 07:34:15 INFO: === ユーザー 52003400 の予約を開始 ===
2025-04-06 07:34:15 INFO: TimePattern: B3
2025-04-06 07:34:15 INFO: ====== WebDriver manager ======
2025-04-06 07:34:16 INFO: Get LATEST chromedriver version for google-chrome
2025-04-06 07:34:16 INFO: Get LATEST chromedriver version for google-chrome
2025-04-06 07:34:16 INFO: Driver [C:\Users\ruiyo\.wdm\drivers\chromedriver\win64\134.0.6998.165\chromedriver-win32/chromedriver.exe] found in cache
2025-04-06 07:34:19 INFO: ログイン後のアラートを受け付けました
2025-04-06 07:34:19 INFO: ログイン後 - 利用方法選択へ遷移
2025-04-06 07:34:21 INFO: 利用目的・種別を選択完了
2025-04-06 07:34:21 INFO: ▼ 選択対象の施設一覧: ['立沼テニス場', '大沼公園グラウンド']
2025-04-06 07:34:21 INFO: 施設チェック: 立沼テニス場 のチェックボックスを探します
2025-04-06 07:34:22 INFO:  → 立沼テニス場 チェック成功
2025-04-06 07:34:22 INFO: 施設チェック: 大沼公園グラウンド のチェックボックスを探します
2025-04-06 07:34:22 INFO:  → 大沼公園グラウンド チェック成功
2025-04-06 07:34:22 INFO: 施設選択完了
2025-04-06 07:34:27 INFO: (A) 施設別空き状況ページ到達
2025-04-06 07:34:48 INFO: (B) 時間帯別空き状況ページ到達 - ここでコート/時間帯をクリック
2025-04-06 07:34:48 INFO:   → 日付テーブル数: 62
2025-04-06 07:34:48 INFO: 
  *** 対象日付テーブル: 2025/07/01 ***
2025-04-06 07:34:48 INFO:     → 2025/07/01 は day_key=火曜日
2025-04-06 07:34:48 ERROR:     → day_key:火曜日 は 大沼公園グラウンド の設定に存在しない (スキップ)
2025-04-06 07:34:48 INFO: 
  *** 対象日付テーブル: 2025/07/01 ***
2025-04-06 07:34:48 INFO:     → 2025/07/01 は day_key=火曜日
2025-04-06 07:34:48 INFO:     → コート行の件数: 2
2025-04-06 07:34:48 INFO:     → ヘッダセルの件数: 6
2025-04-06 07:34:52 INFO:       → 予約選択: 2025/07/01 立沼テニス場 硬式Ｂ 15:00〜17:00
2025-04-06 07:34:53 INFO: 
  *** 対象日付テーブル: 2025/07/02 ***
2025-04-06 07:34:53 INFO:     → 2025/07/02 は day_key=水曜日
2025-04-06 07:34:53 ERROR:     → day_key:水曜日 は 大沼公園グラウンド の設定に存在しない (スキップ)
2025-04-06 07:34:53 INFO: 
  *** 対象日付テーブル: 2025/07/02 ***
2025-04-06 07:34:53 INFO:     → 2025/07/02 は day_key=水曜日
2025-04-06 07:34:53 INFO:     → コート行の件数: 2
2025-04-06 07:34:53 INFO:     → ヘッダセルの件数: 6
2025-04-06 07:34:53 INFO:       → 予約選択: 2025/07/02 立沼テニス場 硬式Ｂ 15:00〜17:00
2025-04-06 07:34:53 INFO: 
  *** 対象日付テーブル: 2025/07/03 ***
2025-04-06 07:34:53 INFO:     → 2025/07/03 は day_key=木曜日
2025-04-06 07:34:53 INFO:     → コート行の件数: 7
2025-04-06 07:34:53 INFO:     → ヘッダセルの件数: 8
2025-04-06 07:34:53 INFO:       → 予約選択: 2025/07/03 大沼公園グラウンド 共用Ｂ 9:00〜11:00
2025-04-06 07:34:53 INFO:       → 予約選択: 2025/07/03 大沼公園グラウンド 共用Ｂ 11:00〜13:00
2025-04-06 07:34:54 INFO: 
  *** 対象日付テーブル: 2025/07/03 ***
2025-04-06 07:34:54 INFO:     → 2025/07/03 は day_key=木曜日
2025-04-06 07:34:54 ERROR:     → day_key:木曜日 は 立沼テニス場 の設定に存在しない (スキップ)
2025-04-06 07:34:54 INFO: 
  *** 対象日付テーブル: 2025/07/04 ***
2025-04-06 07:34:54 INFO:     → 2025/07/04 は day_key=金曜日
2025-04-06 07:34:54 INFO:     → コート行の件数: 7
2025-04-06 07:34:54 INFO:     → ヘッダセルの件数: 8
2025-04-06 07:34:54 INFO:       → 予約選択: 2025/07/04 大沼公園グラウンド 共用Ｂ 9:00〜11:00
2025-04-06 07:34:54 INFO:       → 予約選択: 2025/07/04 大沼公園グラウンド 共用Ｂ 11:00〜13:00
2025-04-06 07:34:54 INFO: 
  *** 対象日付テーブル: 2025/07/04 ***
2025-04-06 07:34:54 INFO:     → 2025/07/04 は day_key=金曜日
2025-04-06 07:34:55 ERROR:     → day_key:金曜日 は 立沼テニス場 の設定に存在しない (スキップ)
2025-04-06 07:34:55 INFO: 
  *** 対象日付テーブル: 2025/07/05 ***
2025-04-06 07:34:55 INFO:     → 2025/07/05 は day_key=土曜日
2025-04-06 07:34:55 INFO:     → コート行の件数: 7
2025-04-06 07:34:55 INFO:     → ヘッダセルの件数: 8
2025-04-06 07:34:55 INFO:       → 予約選択: 2025/07/05 大沼公園グラウンド 共用Ｂ 15:00〜17:00
2025-04-06 07:34:55 INFO: 
  *** 対象日付テーブル: 2025/07/05 ***
2025-04-06 07:34:55 INFO:     → 2025/07/05 は day_key=土曜日
2025-04-06 07:34:55 INFO:     → コート行の件数: 2
2025-04-06 07:34:55 INFO:     → ヘッダセルの件数: 6
2025-04-06 07:34:55 INFO:       → 予約選択: 2025/07/05 立沼テニス場 硬式Ｂ 15:00〜17:00
2025-04-06 07:34:55 INFO: 
  *** 対象日付テーブル: 2025/07/06 ***
2025-04-06 07:34:55 INFO:     → 2025/07/06 は day_key=日曜日
2025-04-06 07:34:55 INFO:     → コート行の件数: 7
2025-04-06 07:34:55 INFO:     → ヘッダセルの件数: 8
2025-04-06 07:34:56 ERROR:       → 予約不可: 大沼公園グラウンド 共用Ｂ 15:00〜17:00 → ×
2025-04-06 07:34:56 INFO: 
  *** 対象日付テーブル: 2025/07/06 ***
2025-04-06 07:34:56 INFO:     → 2025/07/06 は day_key=日曜日
2025-04-06 07:34:56 INFO:     → コート行の件数: 2
2025-04-06 07:34:56 INFO:     → ヘッダセルの件数: 6
2025-04-06 07:34:56 INFO:       → 予約選択: 2025/07/06 立沼テニス場 硬式Ｂ 15:00〜17:00
2025-04-06 07:34:56 INFO: 
  *** 対象日付テーブル: 2025/07/07 ***
2025-04-06 07:34:56 INFO:     → 2025/07/07 は day_key=月曜日
2025-04-06 07:34:56 ERROR:     → day_key:月曜日 は 大沼公園グラウンド の設定に存在しない (スキップ)
2025-04-06 07:34:56 INFO: 
  *** 対象日付テーブル: 2025/07/07 ***
2025-04-06 07:34:56 INFO:     → 2025/07/07 は day_key=月曜日
2025-04-06 07:34:56 ERROR:     → day_key:月曜日 は 立沼テニス場 の設定に存在しない (スキップ)
2025-04-06 07:34:56 INFO: 
  *** 対象日付テーブル: 2025/07/08 ***
2025-04-06 07:34:56 INFO:     → 2025/07/08 は day_key=火曜日
2025-04-06 07:34:56 ERROR:     → day_key:火曜日 は 大沼公園グラウンド の設定に存在しない (スキップ)
2025-04-06 07:34:56 INFO: 
  *** 対象日付テーブル: 2025/07/08 ***
2025-04-06 07:34:56 INFO:     → 2025/07/08 は day_key=火曜日
2025-04-06 07:34:56 INFO:     → コート行の件数: 2
2025-04-06 07:34:56 INFO:     → ヘッダセルの件数: 6
2025-04-06 07:34:56 INFO:       → 予約選択: 2025/07/08 立沼テニス場 硬式Ｂ 15:00〜17:00
2025-04-06 07:34:57 INFO: 
  *** 対象日付テーブル: 2025/07/09 ***
2025-04-06 07:34:57 INFO:     → 2025/07/09 は day_key=水曜日
2025-04-06 07:34:57 ERROR:     → day_key:水曜日 は 大沼公園グラウンド の設定に存在しない (スキップ)
2025-04-06 07:34:57 INFO: 
  *** 対象日付テーブル: 2025/07/09 ***
2025-04-06 07:34:57 INFO:     → 2025/07/09 は day_key=水曜日
2025-04-06 07:34:57 INFO:     → コート行の件数: 2
2025-04-06 07:34:57 INFO:     → ヘッダセルの件数: 6
2025-04-06 07:34:57 INFO:       → 予約選択: 2025/07/09 立沼テニス場 硬式Ｂ 15:00〜17:00
2025-04-06 07:34:57 INFO: 
  *** 対象日付テーブル: 2025/07/10 ***
2025-04-06 07:34:57 INFO:     → 2025/07/10 は day_key=木曜日
2025-04-06 07:34:57 INFO:     → コート行の件数: 7
2025-04-06 07:34:57 INFO:     → ヘッダセルの件数: 8
2025-04-06 07:34:57 INFO:       → 予約選択: 2025/07/10 大沼公園グラウンド 共用Ｂ 9:00〜11:00
2025-04-06 07:34:57 INFO:       → 予約選択: 2025/07/10 大沼公園グラウンド 共用Ｂ 11:00〜13:00
2025-04-06 07:34:58 INFO: 
  *** 対象日付テーブル: 2025/07/10 ***
2025-04-06 07:34:58 INFO:     → 2025/07/10 は day_key=木曜日
2025-04-06 07:34:58 ERROR:     → day_key:木曜日 は 立沼テニス場 の設定に存在しない (スキップ)
2025-04-06 07:34:58 INFO: 
  *** 対象日付テーブル: 2025/07/11 ***
2025-04-06 07:34:58 INFO:     → 2025/07/11 は day_key=金曜日
2025-04-06 07:34:58 INFO:     → コート行の件数: 7
2025-04-06 07:34:58 INFO:     → ヘッダセルの件数: 8
2025-04-06 07:34:58 INFO:       → 予約選択: 2025/07/11 大沼公園グラウンド 共用Ｂ 9:00〜11:00
2025-04-06 07:34:58 INFO:       → 予約選択: 2025/07/11 大沼公園グラウンド 共用Ｂ 11:00〜13:00
2025-04-06 07:34:58 INFO: 
  *** 対象日付テーブル: 2025/07/11 ***
2025-04-06 07:34:58 INFO:     → 2025/07/11 は day_key=金曜日
2025-04-06 07:34:59 ERROR:     → day_key:金曜日 は 立沼テニス場 の設定に存在しない (スキップ)
2025-04-06 07:34:59 INFO: 
  *** 対象日付テーブル: 2025/07/12 ***
2025-04-06 07:34:59 INFO:     → 2025/07/12 は day_key=土曜日
2025-04-06 07:34:59 INFO:     → コート行の件数: 7
2025-04-06 07:34:59 INFO:     → ヘッダセルの件数: 8
2025-04-06 07:34:59 INFO:       → 予約選択: 2025/07/12 大沼公園グラウンド 共用Ｂ 15:00〜17:00
2025-04-06 07:34:59 INFO: 
  *** 対象日付テーブル: 2025/07/12 ***
2025-04-06 07:34:59 INFO:     → 2025/07/12 は day_key=土曜日
2025-04-06 07:34:59 INFO:     → コート行の件数: 2
2025-04-06 07:34:59 INFO:     → ヘッダセルの件数: 6
2025-04-06 07:34:59 INFO:       → 予約選択: 2025/07/12 立沼テニス場 硬式Ｂ 15:00〜17:00
2025-04-06 07:34:59 INFO: 
  *** 対象日付テーブル: 2025/07/13 ***
2025-04-06 07:34:59 INFO:     → 2025/07/13 は day_key=日曜日
2025-04-06 07:34:59 INFO:     → コート行の件数: 7
2025-04-06 07:34:59 INFO:     → ヘッダセルの件数: 8
2025-04-06 07:35:00 ERROR:       → 予約不可: 大沼公園グラウンド 共用Ｂ 15:00〜17:00 → ×
2025-04-06 07:35:00 INFO: 
  *** 対象日付テーブル: 2025/07/13 ***
2025-04-06 07:35:00 INFO:     → 2025/07/13 は day_key=日曜日
2025-04-06 07:35:00 INFO:     → コート行の件数: 2
2025-04-06 07:35:00 INFO:     → ヘッダセルの件数: 6
2025-04-06 07:35:00 INFO:       → 予約選択: 2025/07/13 立沼テニス場 硬式Ｂ 15:00〜17:00
2025-04-06 07:35:00 INFO: 
  *** 対象日付テーブル: 2025/07/14 ***
2025-04-06 07:35:00 INFO:     → 2025/07/14 は day_key=月曜日
2025-04-06 07:35:00 ERROR:     → day_key:月曜日 は 大沼公園グラウンド の設定に存在しない (スキップ)
2025-04-06 07:35:00 INFO: 
  *** 対象日付テーブル: 2025/07/14 ***
2025-04-06 07:35:00 INFO:     → 2025/07/14 は day_key=月曜日
2025-04-06 07:35:00 ERROR:     → day_key:月曜日 は 立沼テニス場 の設定に存在しない (スキップ)
2025-04-06 07:35:00 INFO: 
  *** 対象日付テーブル: 2025/07/15 ***
2025-04-06 07:35:00 INFO:     → 2025/07/15 は day_key=火曜日
2025-04-06 07:35:00 ERROR:     → day_key:火曜日 は 大沼公園グラウンド の設定に存在しない (スキップ)
2025-04-06 07:35:00 INFO: 
  *** 対象日付テーブル: 2025/07/15 ***
2025-04-06 07:35:00 INFO:     → 2025/07/15 は day_key=火曜日
2025-04-06 07:35:00 INFO:     → コート行の件数: 2
2025-04-06 07:35:00 INFO:     → ヘッダセルの件数: 6
2025-04-06 07:35:00 INFO:       → 予約選択: 2025/07/15 立沼テニス場 硬式Ｂ 15:00〜17:00
2025-04-06 07:35:01 INFO: 
  *** 対象日付テーブル: 2025/07/16 ***
2025-04-06 07:35:01 INFO:     → 2025/07/16 は day_key=水曜日
2025-04-06 07:35:01 ERROR:     → day_key:水曜日 は 大沼公園グラウンド の設定に存在しない (スキップ)
2025-04-06 07:35:01 INFO: 
  *** 対象日付テーブル: 2025/07/16 ***
2025-04-06 07:35:01 INFO:     → 2025/07/16 は day_key=水曜日
2025-04-06 07:35:01 INFO:     → コート行の件数: 2
2025-04-06 07:35:01 INFO:     → ヘッダセルの件数: 6
2025-04-06 07:35:01 INFO:       → 予約選択: 2025/07/16 立沼テニス場 硬式Ｂ 15:00〜17:00
2025-04-06 07:35:01 INFO: 
  *** 対象日付テーブル: 2025/07/17 ***
2025-04-06 07:35:01 INFO:     → 2025/07/17 は day_key=木曜日
2025-04-06 07:35:01 INFO:     → コート行の件数: 7
2025-04-06 07:35:01 INFO:     → ヘッダセルの件数: 8
2025-04-06 07:35:01 INFO:       → 予約選択: 2025/07/17 大沼公園グラウンド 共用Ｂ 9:00〜11:00
2025-04-06 07:35:01 INFO:       → 予約選択: 2025/07/17 大沼公園グラウンド 共用Ｂ 11:00〜13:00
2025-04-06 07:35:02 INFO: 
  *** 対象日付テーブル: 2025/07/17 ***
2025-04-06 07:35:02 INFO:     → 2025/07/17 は day_key=木曜日
2025-04-06 07:35:02 ERROR:     → day_key:木曜日 は 立沼テニス場 の設定に存在しない (スキップ)
2025-04-06 07:35:02 INFO: 
  *** 対象日付テーブル: 2025/07/18 ***
2025-04-06 07:35:02 INFO:     → 2025/07/18 は day_key=金曜日
2025-04-06 07:35:02 INFO:     → コート行の件数: 7
2025-04-06 07:35:02 INFO:     → ヘッダセルの件数: 8
2025-04-06 07:35:02 INFO:       → 予約選択: 2025/07/18 大沼公園グラウンド 共用Ｂ 9:00〜11:00
2025-04-06 07:35:02 INFO:       → 予約選択: 2025/07/18 大沼公園グラウンド 共用Ｂ 11:00〜13:00
2025-04-06 07:35:02 INFO: 
  *** 対象日付テーブル: 2025/07/18 ***
2025-04-06 07:35:02 INFO:     → 2025/07/18 は day_key=金曜日
2025-04-06 07:35:03 ERROR:     → day_key:金曜日 は 立沼テニス場 の設定に存在しない (スキップ)
2025-04-06 07:35:03 INFO: 
  *** 対象日付テーブル: 2025/07/19 ***
2025-04-06 07:35:03 INFO:     → 2025/07/19 は day_key=土曜日
2025-04-06 07:35:03 INFO:     → コート行の件数: 7
2025-04-06 07:35:03 INFO:     → ヘッダセルの件数: 8
2025-04-06 07:35:03 INFO:       → 予約選択: 2025/07/19 大沼公園グラウンド 共用Ｂ 15:00〜17:00
2025-04-06 07:35:03 INFO: 
  *** 対象日付テーブル: 2025/07/19 ***
2025-04-06 07:35:03 INFO:     → 2025/07/19 は day_key=土曜日
2025-04-06 07:35:03 INFO:     → コート行の件数: 2
2025-04-06 07:35:03 INFO:     → ヘッダセルの件数: 6
2025-04-06 07:35:03 INFO:       → 予約選択: 2025/07/19 立沼テニス場 硬式Ｂ 15:00〜17:00
2025-04-06 07:35:03 INFO: 
  *** 対象日付テーブル: 2025/07/20 ***
2025-04-06 07:35:03 INFO:     → 2025/07/20 は day_key=日曜日
2025-04-06 07:35:04 INFO:     → コート行の件数: 7
2025-04-06 07:35:04 INFO:     → ヘッダセルの件数: 8
2025-04-06 07:35:04 INFO:       → 予約選択: 2025/07/20 大沼公園グラウンド 共用Ｂ 15:00〜17:00
2025-04-06 07:35:04 INFO: 
  *** 対象日付テーブル: 2025/07/20 ***
2025-04-06 07:35:04 INFO:     → 2025/07/20 は day_key=日曜日
2025-04-06 07:35:04 INFO:     → コート行の件数: 2
2025-04-06 07:35:04 INFO:     → ヘッダセルの件数: 6
2025-04-06 07:35:04 INFO:       → 予約選択: 2025/07/20 立沼テニス場 硬式Ｂ 15:00〜17:00
2025-04-06 07:35:04 INFO: 
  *** 対象日付テーブル: 2025/07/21 ***
2025-04-06 07:35:04 INFO:     → 2025/07/21 は day_key=祝日
2025-04-06 07:35:04 INFO:     → コート行の件数: 7
2025-04-06 07:35:04 INFO:     → ヘッダセルの件数: 8
2025-04-06 07:35:05 INFO:       → 予約選択: 2025/07/21 大沼公園グラウンド 共用Ｂ 15:00〜17:00
2025-04-06 07:35:05 INFO: 
  *** 対象日付テーブル: 2025/07/21 ***
2025-04-06 07:35:05 INFO:     → 2025/07/21 は day_key=祝日
2025-04-06 07:35:05 INFO:     → コート行の件数: 2
2025-04-06 07:35:05 INFO:     → ヘッダセルの件数: 6
2025-04-06 07:35:05 INFO:       → 予約選択: 2025/07/21 立沼テニス場 硬式Ｂ 15:00〜17:00
2025-04-06 07:35:05 INFO: 
  *** 対象日付テーブル: 2025/07/22 ***
2025-04-06 07:35:05 INFO:     → 2025/07/22 は day_key=火曜日
2025-04-06 07:35:05 ERROR:     → day_key:火曜日 は 大沼公園グラウンド の設定に存在しない (スキップ)
2025-04-06 07:35:05 INFO: 
  *** 対象日付テーブル: 2025/07/22 ***
2025-04-06 07:35:05 INFO:     → 2025/07/22 は day_key=火曜日
2025-04-06 07:35:05 INFO:     → コート行の件数: 2
2025-04-06 07:35:05 INFO:     → ヘッダセルの件数: 6
2025-04-06 07:35:05 INFO:       → 予約選択: 2025/07/22 立沼テニス場 硬式Ｂ 15:00〜17:00
2025-04-06 07:35:06 INFO: 
  *** 対象日付テーブル: 2025/07/23 ***
2025-04-06 07:35:06 INFO:     → 2025/07/23 は day_key=水曜日
2025-04-06 07:35:06 ERROR:     → day_key:水曜日 は 大沼公園グラウンド の設定に存在しない (スキップ)
2025-04-06 07:35:06 INFO: 
  *** 対象日付テーブル: 2025/07/23 ***
2025-04-06 07:35:06 INFO:     → 2025/07/23 は day_key=水曜日
2025-04-06 07:35:06 INFO:     → コート行の件数: 2
2025-04-06 07:35:06 INFO:     → ヘッダセルの件数: 6
2025-04-06 07:35:06 INFO:       → 予約選択: 2025/07/23 立沼テニス場 硬式Ｂ 15:00〜17:00
2025-04-06 07:35:06 INFO: 
  *** 対象日付テーブル: 2025/07/24 ***
2025-04-06 07:35:06 INFO:     → 2025/07/24 は day_key=木曜日
2025-04-06 07:35:06 INFO:     → コート行の件数: 7
2025-04-06 07:35:06 INFO:     → ヘッダセルの件数: 8
2025-04-06 07:35:06 INFO:       → 予約選択: 2025/07/24 大沼公園グラウンド 共用Ｂ 9:00〜11:00
2025-04-06 07:35:07 INFO:       → 予約選択: 2025/07/24 大沼公園グラウンド 共用Ｂ 11:00〜13:00
2025-04-06 07:35:07 INFO: 
  *** 対象日付テーブル: 2025/07/24 ***
2025-04-06 07:35:07 INFO:     → 2025/07/24 は day_key=木曜日
2025-04-06 07:35:07 ERROR:     → day_key:木曜日 は 立沼テニス場 の設定に存在しない (スキップ)
2025-04-06 07:35:07 INFO: 
  *** 対象日付テーブル: 2025/07/25 ***
2025-04-06 07:35:07 INFO:     → 2025/07/25 は day_key=金曜日
2025-04-06 07:35:07 INFO:     → コート行の件数: 7
2025-04-06 07:35:07 INFO:     → ヘッダセルの件数: 8
2025-04-06 07:35:07 INFO:       → 予約選択: 2025/07/25 大沼公園グラウンド 共用Ｂ 9:00〜11:00
2025-04-06 07:35:07 INFO:       → 予約選択: 2025/07/25 大沼公園グラウンド 共用Ｂ 11:00〜13:00
2025-04-06 07:35:08 INFO: 
  *** 対象日付テーブル: 2025/07/25 ***
2025-04-06 07:35:08 INFO:     → 2025/07/25 は day_key=金曜日
2025-04-06 07:35:08 ERROR:     → day_key:金曜日 は 立沼テニス場 の設定に存在しない (スキップ)
2025-04-06 07:35:08 INFO: 
  *** 対象日付テーブル: 2025/07/26 ***
2025-04-06 07:35:08 INFO:     → 2025/07/26 は day_key=土曜日
2025-04-06 07:35:08 INFO:     → コート行の件数: 7
2025-04-06 07:35:08 INFO:     → ヘッダセルの件数: 8
2025-04-06 07:35:08 INFO:       → 予約選択: 2025/07/26 大沼公園グラウンド 共用Ｂ 15:00〜17:00
2025-04-06 07:35:08 INFO: 
  *** 対象日付テーブル: 2025/07/26 ***
2025-04-06 07:35:08 INFO:     → 2025/07/26 は day_key=土曜日
2025-04-06 07:35:08 INFO:     → コート行の件数: 2
2025-04-06 07:35:08 INFO:     → ヘッダセルの件数: 6
2025-04-06 07:35:08 INFO:       → 予約選択: 2025/07/26 立沼テニス場 硬式Ｂ 15:00〜17:00
2025-04-06 07:35:09 INFO: 
  *** 対象日付テーブル: 2025/07/27 ***
2025-04-06 07:35:09 INFO:     → 2025/07/27 は day_key=日曜日
2025-04-06 07:35:09 INFO:     → コート行の件数: 7
2025-04-06 07:35:09 INFO:     → ヘッダセルの件数: 8
2025-04-06 07:35:09 INFO:       → 予約選択: 2025/07/27 大沼公園グラウンド 共用Ｂ 15:00〜17:00
2025-04-06 07:35:09 INFO: 
  *** 対象日付テーブル: 2025/07/27 ***
2025-04-06 07:35:09 INFO:     → 2025/07/27 は day_key=日曜日
2025-04-06 07:35:09 INFO:     → コート行の件数: 2
2025-04-06 07:35:09 INFO:     → ヘッダセルの件数: 6
2025-04-06 07:35:09 INFO:       → 予約選択: 2025/07/27 立沼テニス場 硬式Ｂ 15:00〜17:00
2025-04-06 07:35:09 INFO: 
  *** 対象日付テーブル: 2025/07/28 ***
2025-04-06 07:35:09 INFO:     → 2025/07/28 は day_key=月曜日
2025-04-06 07:35:09 ERROR:     → day_key:月曜日 は 大沼公園グラウンド の設定に存在しない (スキップ)
2025-04-06 07:35:09 INFO: 
  *** 対象日付テーブル: 2025/07/28 ***
2025-04-06 07:35:09 INFO:     → 2025/07/28 は day_key=月曜日
2025-04-06 07:35:09 ERROR:     → day_key:月曜日 は 立沼テニス場 の設定に存在しない (スキップ)
2025-04-06 07:35:09 INFO: 
  *** 対象日付テーブル: 2025/07/29 ***
2025-04-06 07:35:09 INFO:     → 2025/07/29 は day_key=火曜日
2025-04-06 07:35:10 ERROR:     → day_key:火曜日 は 大沼公園グラウンド の設定に存在しない (スキップ)
2025-04-06 07:35:10 INFO: 
  *** 対象日付テーブル: 2025/07/29 ***
2025-04-06 07:35:10 INFO:     → 2025/07/29 は day_key=火曜日
2025-04-06 07:35:10 INFO:     → コート行の件数: 2
2025-04-06 07:35:10 INFO:     → ヘッダセルの件数: 6
2025-04-06 07:35:10 INFO:       → 予約選択: 2025/07/29 立沼テニス場 硬式Ｂ 15:00〜17:00
2025-04-06 07:35:10 INFO: 
  *** 対象日付テーブル: 2025/07/30 ***
2025-04-06 07:35:10 INFO:     → 2025/07/30 は day_key=水曜日
2025-04-06 07:35:10 ERROR:     → day_key:水曜日 は 大沼公園グラウンド の設定に存在しない (スキップ)
2025-04-06 07:35:10 INFO: 
  *** 対象日付テーブル: 2025/07/30 ***
2025-04-06 07:35:10 INFO:     → 2025/07/30 は day_key=水曜日
2025-04-06 07:35:10 INFO:     → コート行の件数: 2
2025-04-06 07:35:10 INFO:     → ヘッダセルの件数: 6
2025-04-06 07:35:10 INFO:       → 予約選択: 2025/07/30 立沼テニス場 硬式Ｂ 15:00〜17:00
2025-04-06 07:35:10 INFO: 
  *** 対象日付テーブル: 2025/07/31 ***
2025-04-06 07:35:10 INFO:     → 2025/07/31 は day_key=木曜日
2025-04-06 07:35:10 INFO:     → コート行の件数: 7
2025-04-06 07:35:10 INFO:     → ヘッダセルの件数: 8
2025-04-06 07:35:10 INFO:       → 予約選択: 2025/07/31 大沼公園グラウンド 共用Ｂ 9:00〜11:00
2025-04-06 07:35:11 INFO:       → 予約選択: 2025/07/31 大沼公園グラウンド 共用Ｂ 11:00〜13:00
2025-04-06 07:35:11 INFO: 
  *** 対象日付テーブル: 2025/07/31 ***
2025-04-06 07:35:11 INFO:     → 2025/07/31 は day_key=木曜日
2025-04-06 07:35:11 ERROR:     → day_key:木曜日 は 立沼テニス場 の設定に存在しない (スキップ)
2025-04-06 07:35:39 INFO: (C) 確認画面へ遷移
2025-04-06 07:35:41 INFO: 人数・コピー選択完了
2025-04-06 07:35:43 INFO: アラート発生: ＊の表示されている申込は、申込時間または申込回数または申込コマ数の制限を超えているため申込できません。詳細は注意事項欄をご覧ください。
2025-04-06 07:35:46 INFO: PDF保存: C:\pj\selenium\PDF\202504\52003400_山下クラブ_20250406_073546.pdf
2025-04-06 07:35:46 INFO: → ユーザー 52003400 の予約完了
2025-04-06 07:35:48 INFO: === ユーザー 51010034 の予約を開始 ===
2025-04-06 07:35:48 INFO: TimePattern: B2
2025-04-06 07:35:48 INFO: ====== WebDriver manager ======
2025-04-06 07:35:48 INFO: Get LATEST chromedriver version for google-chrome
2025-04-06 07:35:48 INFO: Get LATEST chromedriver version for google-chrome
2025-04-06 07:35:49 INFO: Driver [C:\Users\ruiyo\.wdm\drivers\chromedriver\win64\134.0.6998.165\chromedriver-win32/chromedriver.exe] found in cache
2025-04-06 07:35:51 INFO: ログイン後のアラートを受け付けました
2025-04-06 07:35:51 INFO: ログイン後 - 利用方法選択へ遷移
2025-04-06 07:35:53 INFO: 利用目的・種別を選択完了
2025-04-06 07:35:53 INFO: ▼ 選択対象の施設一覧: ['立沼テニス場', '大沼公園グラウンド']
2025-04-06 07:35:53 INFO: 施設チェック: 立沼テニス場 のチェックボックスを探します
2025-04-06 07:35:54 INFO:  → 立沼テニス場 チェック成功
2025-04-06 07:35:54 INFO: 施設チェック: 大沼公園グラウンド のチェックボックスを探します
2025-04-06 07:35:55 INFO:  → 大沼公園グラウンド チェック成功
2025-04-06 07:35:55 INFO: 施設選択完了
2025-04-06 07:35:58 INFO: (A) 施設別空き状況ページ到達
2025-04-06 07:36:17 INFO: (B) 時間帯別空き状況ページ到達 - ここでコート/時間帯をクリック
2025-04-06 07:36:18 INFO:   → 日付テーブル数: 62
2025-04-06 07:36:18 INFO: 
  *** 対象日付テーブル: 2025/07/01 ***
2025-04-06 07:36:18 INFO:     → 2025/07/01 は day_key=火曜日
2025-04-06 07:36:18 ERROR:     → day_key:火曜日 は 大沼公園グラウンド の設定に存在しない (スキップ)
2025-04-06 07:36:18 INFO: 
  *** 対象日付テーブル: 2025/07/01 ***
2025-04-06 07:36:18 INFO:     → 2025/07/01 は day_key=火曜日
2025-04-06 07:36:18 INFO:     → コート行の件数: 2
2025-04-06 07:36:18 INFO:     → ヘッダセルの件数: 6
2025-04-06 07:36:22 INFO:       → 予約選択: 2025/07/01 立沼テニス場 硬式Ｂ 13:00〜15:00
2025-04-06 07:36:22 INFO: 
  *** 対象日付テーブル: 2025/07/02 ***
2025-04-06 07:36:22 INFO:     → 2025/07/02 は day_key=水曜日
2025-04-06 07:36:22 ERROR:     → day_key:水曜日 は 大沼公園グラウンド の設定に存在しない (スキップ)
2025-04-06 07:36:22 INFO: 
  *** 対象日付テーブル: 2025/07/02 ***
2025-04-06 07:36:22 INFO:     → 2025/07/02 は day_key=水曜日
2025-04-06 07:36:22 INFO:     → コート行の件数: 2
2025-04-06 07:36:22 INFO:     → ヘッダセルの件数: 6
2025-04-06 07:36:22 INFO:       → 予約選択: 2025/07/02 立沼テニス場 硬式Ｂ 13:00〜15:00
2025-04-06 07:36:23 INFO: 
  *** 対象日付テーブル: 2025/07/03 ***
2025-04-06 07:36:23 INFO:     → 2025/07/03 は day_key=木曜日
2025-04-06 07:36:23 INFO:     → コート行の件数: 7
2025-04-06 07:36:23 INFO:     → ヘッダセルの件数: 8
2025-04-06 07:36:23 INFO:       → 予約選択: 2025/07/03 大沼公園グラウンド 共用Ｂ 9:00〜11:00
2025-04-06 07:36:23 INFO:       → 予約選択: 2025/07/03 大沼公園グラウンド 共用Ｂ 11:00〜13:00
2025-04-06 07:36:23 INFO: 
  *** 対象日付テーブル: 2025/07/03 ***
2025-04-06 07:36:23 INFO:     → 2025/07/03 は day_key=木曜日
2025-04-06 07:36:23 ERROR:     → day_key:木曜日 は 立沼テニス場 の設定に存在しない (スキップ)
2025-04-06 07:36:23 INFO: 
  *** 対象日付テーブル: 2025/07/04 ***
2025-04-06 07:36:23 INFO:     → 2025/07/04 は day_key=金曜日
2025-04-06 07:36:23 INFO:     → コート行の件数: 7
2025-04-06 07:36:23 INFO:     → ヘッダセルの件数: 8
2025-04-06 07:36:24 INFO:       → 予約選択: 2025/07/04 大沼公園グラウンド 共用Ｂ 9:00〜11:00
2025-04-06 07:36:24 INFO:       → 予約選択: 2025/07/04 大沼公園グラウンド 共用Ｂ 11:00〜13:00
2025-04-06 07:36:24 INFO: 
  *** 対象日付テーブル: 2025/07/04 ***
2025-04-06 07:36:24 INFO:     → 2025/07/04 は day_key=金曜日
2025-04-06 07:36:24 ERROR:     → day_key:金曜日 は 立沼テニス場 の設定に存在しない (スキップ)
2025-04-06 07:36:24 INFO: 
  *** 対象日付テーブル: 2025/07/05 ***
2025-04-06 07:36:24 INFO:     → 2025/07/05 は day_key=土曜日
2025-04-06 07:36:24 INFO:     → コート行の件数: 7
2025-04-06 07:36:24 INFO:     → ヘッダセルの件数: 8
2025-04-06 07:36:24 INFO:       → 予約選択: 2025/07/05 大沼公園グラウンド 共用Ｂ 13:00〜15:00
2025-04-06 07:36:25 INFO: 
  *** 対象日付テーブル: 2025/07/05 ***
2025-04-06 07:36:25 INFO:     → 2025/07/05 は day_key=土曜日
2025-04-06 07:36:25 INFO:     → コート行の件数: 2
2025-04-06 07:36:25 INFO:     → ヘッダセルの件数: 6
2025-04-06 07:36:25 INFO:       → 予約選択: 2025/07/05 立沼テニス場 硬式Ｂ 13:00〜15:00
2025-04-06 07:36:25 INFO: 
  *** 対象日付テーブル: 2025/07/06 ***
2025-04-06 07:36:25 INFO:     → 2025/07/06 は day_key=日曜日
2025-04-06 07:36:25 INFO:     → コート行の件数: 7
2025-04-06 07:36:25 INFO:     → ヘッダセルの件数: 8
2025-04-06 07:36:25 ERROR:       → 予約不可: 大沼公園グラウンド 共用Ｂ 13:00〜15:00 → ×
2025-04-06 07:36:25 INFO: 
  *** 対象日付テーブル: 2025/07/06 ***
2025-04-06 07:36:25 INFO:     → 2025/07/06 は day_key=日曜日
2025-04-06 07:36:25 INFO:     → コート行の件数: 2
2025-04-06 07:36:25 INFO:     → ヘッダセルの件数: 6
2025-04-06 07:36:25 INFO:       → 予約選択: 2025/07/06 立沼テニス場 硬式Ｂ 13:00〜15:00
2025-04-06 07:36:26 INFO: 
  *** 対象日付テーブル: 2025/07/07 ***
2025-04-06 07:36:26 INFO:     → 2025/07/07 は day_key=月曜日
2025-04-06 07:36:26 ERROR:     → day_key:月曜日 は 大沼公園グラウンド の設定に存在しない (スキップ)
2025-04-06 07:36:26 INFO: 
  *** 対象日付テーブル: 2025/07/07 ***
2025-04-06 07:36:26 INFO:     → 2025/07/07 は day_key=月曜日
2025-04-06 07:36:26 ERROR:     → day_key:月曜日 は 立沼テニス場 の設定に存在しない (スキップ)
2025-04-06 07:36:26 INFO: 
  *** 対象日付テーブル: 2025/07/08 ***
2025-04-06 07:36:26 INFO:     → 2025/07/08 は day_key=火曜日
2025-04-06 07:36:26 ERROR:     → day_key:火曜日 は 大沼公園グラウンド の設定に存在しない (スキップ)
2025-04-06 07:36:26 INFO: 
  *** 対象日付テーブル: 2025/07/08 ***
2025-04-06 07:36:26 INFO:     → 2025/07/08 は day_key=火曜日
2025-04-06 07:36:26 INFO:     → コート行の件数: 2
2025-04-06 07:36:26 INFO:     → ヘッダセルの件数: 6
2025-04-06 07:36:26 INFO:       → 予約選択: 2025/07/08 立沼テニス場 硬式Ｂ 13:00〜15:00
2025-04-06 07:36:26 INFO: 
  *** 対象日付テーブル: 2025/07/09 ***
2025-04-06 07:36:26 INFO:     → 2025/07/09 は day_key=水曜日
2025-04-06 07:36:26 ERROR:     → day_key:水曜日 は 大沼公園グラウンド の設定に存在しない (スキップ)
2025-04-06 07:36:26 INFO: 
  *** 対象日付テーブル: 2025/07/09 ***
2025-04-06 07:36:26 INFO:     → 2025/07/09 は day_key=水曜日
2025-04-06 07:36:26 INFO:     → コート行の件数: 2
2025-04-06 07:36:26 INFO:     → ヘッダセルの件数: 6
2025-04-06 07:36:26 INFO:       → 予約選択: 2025/07/09 立沼テニス場 硬式Ｂ 13:00〜15:00
2025-04-06 07:36:27 INFO: 
  *** 対象日付テーブル: 2025/07/10 ***
2025-04-06 07:36:27 INFO:     → 2025/07/10 は day_key=木曜日
2025-04-06 07:36:27 INFO:     → コート行の件数: 7
2025-04-06 07:36:27 INFO:     → ヘッダセルの件数: 8
2025-04-06 07:36:27 INFO:       → 予約選択: 2025/07/10 大沼公園グラウンド 共用Ｂ 9:00〜11:00
2025-04-06 07:36:27 INFO:       → 予約選択: 2025/07/10 大沼公園グラウンド 共用Ｂ 11:00〜13:00
2025-04-06 07:36:27 INFO: 
  *** 対象日付テーブル: 2025/07/10 ***
2025-04-06 07:36:27 INFO:     → 2025/07/10 は day_key=木曜日
2025-04-06 07:36:27 ERROR:     → day_key:木曜日 は 立沼テニス場 の設定に存在しない (スキップ)
2025-04-06 07:36:27 INFO: 
  *** 対象日付テーブル: 2025/07/11 ***
2025-04-06 07:36:27 INFO:     → 2025/07/11 は day_key=金曜日
2025-04-06 07:36:27 INFO:     → コート行の件数: 7
2025-04-06 07:36:27 INFO:     → ヘッダセルの件数: 8
2025-04-06 07:36:28 INFO:       → 予約選択: 2025/07/11 大沼公園グラウンド 共用Ｂ 9:00〜11:00
2025-04-06 07:36:28 INFO:       → 予約選択: 2025/07/11 大沼公園グラウンド 共用Ｂ 11:00〜13:00
2025-04-06 07:36:28 INFO: 
  *** 対象日付テーブル: 2025/07/11 ***
2025-04-06 07:36:28 INFO:     → 2025/07/11 は day_key=金曜日
2025-04-06 07:36:28 ERROR:     → day_key:金曜日 は 立沼テニス場 の設定に存在しない (スキップ)
2025-04-06 07:36:28 INFO: 
  *** 対象日付テーブル: 2025/07/12 ***
2025-04-06 07:36:28 INFO:     → 2025/07/12 は day_key=土曜日
2025-04-06 07:36:28 INFO:     → コート行の件数: 7
2025-04-06 07:36:28 INFO:     → ヘッダセルの件数: 8
2025-04-06 07:36:28 INFO:       → 予約選択: 2025/07/12 大沼公園グラウンド 共用Ｂ 13:00〜15:00
2025-04-06 07:36:29 INFO: 
  *** 対象日付テーブル: 2025/07/12 ***
2025-04-06 07:36:29 INFO:     → 2025/07/12 は day_key=土曜日
2025-04-06 07:36:29 INFO:     → コート行の件数: 2
2025-04-06 07:36:29 INFO:     → ヘッダセルの件数: 6
2025-04-06 07:36:29 INFO:       → 予約選択: 2025/07/12 立沼テニス場 硬式Ｂ 13:00〜15:00
2025-04-06 07:36:29 INFO: 
  *** 対象日付テーブル: 2025/07/13 ***
2025-04-06 07:36:29 INFO:     → 2025/07/13 は day_key=日曜日
2025-04-06 07:36:29 INFO:     → コート行の件数: 7
2025-04-06 07:36:29 INFO:     → ヘッダセルの件数: 8
2025-04-06 07:36:29 ERROR:       → 予約不可: 大沼公園グラウンド 共用Ｂ 13:00〜15:00 → ×
2025-04-06 07:36:29 INFO: 
  *** 対象日付テーブル: 2025/07/13 ***
2025-04-06 07:36:29 INFO:     → 2025/07/13 は day_key=日曜日
2025-04-06 07:36:29 INFO:     → コート行の件数: 2
2025-04-06 07:36:29 INFO:     → ヘッダセルの件数: 6
2025-04-06 07:36:29 INFO:       → 予約選択: 2025/07/13 立沼テニス場 硬式Ｂ 13:00〜15:00
2025-04-06 07:36:30 INFO: 
  *** 対象日付テーブル: 2025/07/14 ***
2025-04-06 07:36:30 INFO:     → 2025/07/14 は day_key=月曜日
2025-04-06 07:36:30 ERROR:     → day_key:月曜日 は 大沼公園グラウンド の設定に存在しない (スキップ)
2025-04-06 07:36:30 INFO: 
  *** 対象日付テーブル: 2025/07/14 ***
2025-04-06 07:36:30 INFO:     → 2025/07/14 は day_key=月曜日
2025-04-06 07:36:30 ERROR:     → day_key:月曜日 は 立沼テニス場 の設定に存在しない (スキップ)
2025-04-06 07:36:30 INFO: 
  *** 対象日付テーブル: 2025/07/15 ***
2025-04-06 07:36:30 INFO:     → 2025/07/15 は day_key=火曜日
2025-04-06 07:36:30 ERROR:     → day_key:火曜日 は 大沼公園グラウンド の設定に存在しない (スキップ)
2025-04-06 07:36:30 INFO: 
  *** 対象日付テーブル: 2025/07/15 ***
2025-04-06 07:36:30 INFO:     → 2025/07/15 は day_key=火曜日
2025-04-06 07:36:30 INFO:     → コート行の件数: 2
2025-04-06 07:36:30 INFO:     → ヘッダセルの件数: 6
2025-04-06 07:36:30 INFO:       → 予約選択: 2025/07/15 立沼テニス場 硬式Ｂ 13:00〜15:00
2025-04-06 07:36:30 INFO: 
  *** 対象日付テーブル: 2025/07/16 ***
2025-04-06 07:36:30 INFO:     → 2025/07/16 は day_key=水曜日
2025-04-06 07:36:30 ERROR:     → day_key:水曜日 は 大沼公園グラウンド の設定に存在しない (スキップ)
2025-04-06 07:36:30 INFO: 
  *** 対象日付テーブル: 2025/07/16 ***
2025-04-06 07:36:30 INFO:     → 2025/07/16 は day_key=水曜日
2025-04-06 07:36:30 INFO:     → コート行の件数: 2
2025-04-06 07:36:30 INFO:     → ヘッダセルの件数: 6
2025-04-06 07:36:30 INFO:       → 予約選択: 2025/07/16 立沼テニス場 硬式Ｂ 13:00〜15:00
2025-04-06 07:36:31 INFO: 
  *** 対象日付テーブル: 2025/07/17 ***
2025-04-06 07:36:31 INFO:     → 2025/07/17 は day_key=木曜日
2025-04-06 07:36:31 INFO:     → コート行の件数: 7
2025-04-06 07:36:31 INFO:     → ヘッダセルの件数: 8
2025-04-06 07:36:31 INFO:       → 予約選択: 2025/07/17 大沼公園グラウンド 共用Ｂ 9:00〜11:00
2025-04-06 07:36:31 INFO:       → 予約選択: 2025/07/17 大沼公園グラウンド 共用Ｂ 11:00〜13:00
2025-04-06 07:36:31 INFO: 
  *** 対象日付テーブル: 2025/07/17 ***
2025-04-06 07:36:31 INFO:     → 2025/07/17 は day_key=木曜日
2025-04-06 07:36:31 ERROR:     → day_key:木曜日 は 立沼テニス場 の設定に存在しない (スキップ)
2025-04-06 07:36:31 INFO: 
  *** 対象日付テーブル: 2025/07/18 ***
2025-04-06 07:36:31 INFO:     → 2025/07/18 は day_key=金曜日
2025-04-06 07:36:31 INFO:     → コート行の件数: 7
2025-04-06 07:36:31 INFO:     → ヘッダセルの件数: 8
2025-04-06 07:36:32 INFO:       → 予約選択: 2025/07/18 大沼公園グラウンド 共用Ｂ 9:00〜11:00
2025-04-06 07:36:32 INFO:       → 予約選択: 2025/07/18 大沼公園グラウンド 共用Ｂ 11:00〜13:00
2025-04-06 07:36:32 INFO: 
  *** 対象日付テーブル: 2025/07/18 ***
2025-04-06 07:36:32 INFO:     → 2025/07/18 は day_key=金曜日
2025-04-06 07:36:32 ERROR:     → day_key:金曜日 は 立沼テニス場 の設定に存在しない (スキップ)
2025-04-06 07:36:32 INFO: 
  *** 対象日付テーブル: 2025/07/19 ***
2025-04-06 07:36:32 INFO:     → 2025/07/19 は day_key=土曜日
2025-04-06 07:36:32 INFO:     → コート行の件数: 7
2025-04-06 07:36:32 INFO:     → ヘッダセルの件数: 8
2025-04-06 07:36:32 INFO:       → 予約選択: 2025/07/19 大沼公園グラウンド 共用Ｂ 13:00〜15:00
2025-04-06 07:36:33 INFO: 
  *** 対象日付テーブル: 2025/07/19 ***
2025-04-06 07:36:33 INFO:     → 2025/07/19 は day_key=土曜日
2025-04-06 07:36:33 INFO:     → コート行の件数: 2
2025-04-06 07:36:33 INFO:     → ヘッダセルの件数: 6
2025-04-06 07:36:33 INFO:       → 予約選択: 2025/07/19 立沼テニス場 硬式Ｂ 13:00〜15:00
2025-04-06 07:36:33 INFO: 
  *** 対象日付テーブル: 2025/07/20 ***
2025-04-06 07:36:33 INFO:     → 2025/07/20 は day_key=日曜日
2025-04-06 07:36:33 INFO:     → コート行の件数: 7
2025-04-06 07:36:33 INFO:     → ヘッダセルの件数: 8
2025-04-06 07:36:33 INFO:       → 予約選択: 2025/07/20 大沼公園グラウンド 共用Ｂ 13:00〜15:00
2025-04-06 07:36:34 INFO: 
  *** 対象日付テーブル: 2025/07/20 ***
2025-04-06 07:36:34 INFO:     → 2025/07/20 は day_key=日曜日
2025-04-06 07:36:34 INFO:     → コート行の件数: 2
2025-04-06 07:36:34 INFO:     → ヘッダセルの件数: 6
2025-04-06 07:36:34 INFO:       → 予約選択: 2025/07/20 立沼テニス場 硬式Ｂ 13:00〜15:00
2025-04-06 07:36:34 INFO: 
  *** 対象日付テーブル: 2025/07/21 ***
2025-04-06 07:36:34 INFO:     → 2025/07/21 は day_key=祝日
2025-04-06 07:36:34 INFO:     → コート行の件数: 7
2025-04-06 07:36:34 INFO:     → ヘッダセルの件数: 8
2025-04-06 07:36:34 INFO:       → 予約選択: 2025/07/21 大沼公園グラウンド 共用Ｂ 13:00〜15:00
2025-04-06 07:36:34 INFO: 
  *** 対象日付テーブル: 2025/07/21 ***
2025-04-06 07:36:34 INFO:     → 2025/07/21 は day_key=祝日
2025-04-06 07:36:35 INFO:     → コート行の件数: 2
2025-04-06 07:36:35 INFO:     → ヘッダセルの件数: 6
2025-04-06 07:36:35 INFO:       → 予約選択: 2025/07/21 立沼テニス場 硬式Ｂ 13:00〜15:00
2025-04-06 07:36:35 INFO: 
  *** 対象日付テーブル: 2025/07/22 ***
2025-04-06 07:36:35 INFO:     → 2025/07/22 は day_key=火曜日
2025-04-06 07:36:35 ERROR:     → day_key:火曜日 は 大沼公園グラウンド の設定に存在しない (スキップ)
2025-04-06 07:36:35 INFO: 
  *** 対象日付テーブル: 2025/07/22 ***
2025-04-06 07:36:35 INFO:     → 2025/07/22 は day_key=火曜日
2025-04-06 07:36:35 INFO:     → コート行の件数: 2
2025-04-06 07:36:35 INFO:     → ヘッダセルの件数: 6
2025-04-06 07:36:35 INFO:       → 予約選択: 2025/07/22 立沼テニス場 硬式Ｂ 13:00〜15:00
2025-04-06 07:36:35 INFO: 
  *** 対象日付テーブル: 2025/07/23 ***
2025-04-06 07:36:35 INFO:     → 2025/07/23 は day_key=水曜日
2025-04-06 07:36:35 ERROR:     → day_key:水曜日 は 大沼公園グラウンド の設定に存在しない (スキップ)
2025-04-06 07:36:35 INFO: 
  *** 対象日付テーブル: 2025/07/23 ***
2025-04-06 07:36:35 INFO:     → 2025/07/23 は day_key=水曜日
2025-04-06 07:36:35 INFO:     → コート行の件数: 2
2025-04-06 07:36:35 INFO:     → ヘッダセルの件数: 6
2025-04-06 07:36:36 INFO:       → 予約選択: 2025/07/23 立沼テニス場 硬式Ｂ 13:00〜15:00
2025-04-06 07:36:36 INFO: 
  *** 対象日付テーブル: 2025/07/24 ***
2025-04-06 07:36:36 INFO:     → 2025/07/24 は day_key=木曜日
2025-04-06 07:36:36 INFO:     → コート行の件数: 7
2025-04-06 07:36:36 INFO:     → ヘッダセルの件数: 8
2025-04-06 07:36:36 INFO:       → 予約選択: 2025/07/24 大沼公園グラウンド 共用Ｂ 9:00〜11:00
2025-04-06 07:36:36 INFO:       → 予約選択: 2025/07/24 大沼公園グラウンド 共用Ｂ 11:00〜13:00
2025-04-06 07:36:37 INFO: 
  *** 対象日付テーブル: 2025/07/24 ***
2025-04-06 07:36:37 INFO:     → 2025/07/24 は day_key=木曜日
2025-04-06 07:36:37 ERROR:     → day_key:木曜日 は 立沼テニス場 の設定に存在しない (スキップ)
2025-04-06 07:36:37 INFO: 
  *** 対象日付テーブル: 2025/07/25 ***
2025-04-06 07:36:37 INFO:     → 2025/07/25 は day_key=金曜日
2025-04-06 07:36:37 INFO:     → コート行の件数: 7
2025-04-06 07:36:37 INFO:     → ヘッダセルの件数: 8
2025-04-06 07:36:37 INFO:       → 予約選択: 2025/07/25 大沼公園グラウンド 共用Ｂ 9:00〜11:00
2025-04-06 07:36:37 INFO:       → 予約選択: 2025/07/25 大沼公園グラウンド 共用Ｂ 11:00〜13:00
2025-04-06 07:36:37 INFO: 
  *** 対象日付テーブル: 2025/07/25 ***
2025-04-06 07:36:37 INFO:     → 2025/07/25 は day_key=金曜日
2025-04-06 07:36:37 ERROR:     → day_key:金曜日 は 立沼テニス場 の設定に存在しない (スキップ)
2025-04-06 07:36:37 INFO: 
  *** 対象日付テーブル: 2025/07/26 ***
2025-04-06 07:36:37 INFO:     → 2025/07/26 は day_key=土曜日
2025-04-06 07:36:37 INFO:     → コート行の件数: 7
2025-04-06 07:36:37 INFO:     → ヘッダセルの件数: 8
2025-04-06 07:36:38 INFO:       → 予約選択: 2025/07/26 大沼公園グラウンド 共用Ｂ 13:00〜15:00
2025-04-06 07:36:38 INFO: 
  *** 対象日付テーブル: 2025/07/26 ***
2025-04-06 07:36:38 INFO:     → 2025/07/26 は day_key=土曜日
2025-04-06 07:36:38 INFO:     → コート行の件数: 2
2025-04-06 07:36:38 INFO:     → ヘッダセルの件数: 6
2025-04-06 07:36:38 INFO:       → 予約選択: 2025/07/26 立沼テニス場 硬式Ｂ 13:00〜15:00
2025-04-06 07:36:38 INFO: 
  *** 対象日付テーブル: 2025/07/27 ***
2025-04-06 07:36:38 INFO:     → 2025/07/27 は day_key=日曜日
2025-04-06 07:36:38 INFO:     → コート行の件数: 7
2025-04-06 07:36:38 INFO:     → ヘッダセルの件数: 8
2025-04-06 07:36:38 INFO:       → 予約選択: 2025/07/27 大沼公園グラウンド 共用Ｂ 13:00〜15:00
2025-04-06 07:36:39 INFO: 
  *** 対象日付テーブル: 2025/07/27 ***
2025-04-06 07:36:39 INFO:     → 2025/07/27 は day_key=日曜日
2025-04-06 07:36:39 INFO:     → コート行の件数: 2
2025-04-06 07:36:39 INFO:     → ヘッダセルの件数: 6
2025-04-06 07:36:39 INFO:       → 予約選択: 2025/07/27 立沼テニス場 硬式Ｂ 13:00〜15:00
2025-04-06 07:36:39 INFO: 
  *** 対象日付テーブル: 2025/07/28 ***
2025-04-06 07:36:39 INFO:     → 2025/07/28 は day_key=月曜日
2025-04-06 07:36:39 ERROR:     → day_key:月曜日 は 大沼公園グラウンド の設定に存在しない (スキップ)
2025-04-06 07:36:39 INFO: 
  *** 対象日付テーブル: 2025/07/28 ***
2025-04-06 07:36:39 INFO:     → 2025/07/28 は day_key=月曜日
2025-04-06 07:36:39 ERROR:     → day_key:月曜日 は 立沼テニス場 の設定に存在しない (スキップ)
2025-04-06 07:36:39 INFO: 
  *** 対象日付テーブル: 2025/07/29 ***
2025-04-06 07:36:39 INFO:     → 2025/07/29 は day_key=火曜日
2025-04-06 07:36:39 ERROR:     → day_key:火曜日 は 大沼公園グラウンド の設定に存在しない (スキップ)
2025-04-06 07:36:39 INFO: 
  *** 対象日付テーブル: 2025/07/29 ***
2025-04-06 07:36:39 INFO:     → 2025/07/29 は day_key=火曜日
2025-04-06 07:36:39 INFO:     → コート行の件数: 2
2025-04-06 07:36:39 INFO:     → ヘッダセルの件数: 6
2025-04-06 07:36:39 INFO:       → 予約選択: 2025/07/29 立沼テニス場 硬式Ｂ 13:00〜15:00
2025-04-06 07:36:40 INFO: 
  *** 対象日付テーブル: 2025/07/30 ***
2025-04-06 07:36:40 INFO:     → 2025/07/30 は day_key=水曜日
2025-04-06 07:36:40 ERROR:     → day_key:水曜日 は 大沼公園グラウンド の設定に存在しない (スキップ)
2025-04-06 07:36:40 INFO: 
  *** 対象日付テーブル: 2025/07/30 ***
2025-04-06 07:36:40 INFO:     → 2025/07/30 は day_key=水曜日
2025-04-06 07:36:40 INFO:     → コート行の件数: 2
2025-04-06 07:36:40 INFO:     → ヘッダセルの件数: 6
2025-04-06 07:36:40 INFO:       → 予約選択: 2025/07/30 立沼テニス場 硬式Ｂ 13:00〜15:00
2025-04-06 07:36:40 INFO: 
  *** 対象日付テーブル: 2025/07/31 ***
2025-04-06 07:36:40 INFO:     → 2025/07/31 は day_key=木曜日
2025-04-06 07:36:40 INFO:     → コート行の件数: 7
2025-04-06 07:36:40 INFO:     → ヘッダセルの件数: 8
2025-04-06 07:36:40 INFO:       → 予約選択: 2025/07/31 大沼公園グラウンド 共用Ｂ 9:00〜11:00
2025-04-06 07:36:41 INFO:       → 予約選択: 2025/07/31 大沼公園グラウンド 共用Ｂ 11:00〜13:00
2025-04-06 07:36:41 INFO: 
  *** 対象日付テーブル: 2025/07/31 ***
2025-04-06 07:36:41 INFO:     → 2025/07/31 は day_key=木曜日
2025-04-06 07:36:41 ERROR:     → day_key:木曜日 は 立沼テニス場 の設定に存在しない (スキップ)
2025-04-06 07:36:41 INFO: (C) 確認画面へ遷移
2025-04-06 07:37:11 INFO: 人数・コピー選択完了
2025-04-06 07:37:14 INFO: アラート発生: ＊の表示されている申込は、申込時間または申込回数または申込コマ数の制限を超えているため申込できません。詳細は注意事項欄をご覧ください。
2025-04-06 07:37:16 INFO: PDF保存: C:\pj\selenium\PDF\202504\51010034_押田　拓也_20250406_073716.pdf
2025-04-06 07:37:16 INFO: → ユーザー 51010034 の予約完了
2025-04-06 07:37:18 INFO: === ユーザー 51010035 の予約を開始 ===
2025-04-06 07:37:18 INFO: TimePattern: B2
2025-04-06 07:37:18 INFO: ====== WebDriver manager ======
2025-04-06 07:37:19 INFO: Get LATEST chromedriver version for google-chrome
2025-04-06 07:37:19 INFO: Get LATEST chromedriver version for google-chrome
2025-04-06 07:37:19 INFO: Driver [C:\Users\ruiyo\.wdm\drivers\chromedriver\win64\134.0.6998.165\chromedriver-win32/chromedriver.exe] found in cache
2025-04-06 07:37:21 INFO: ログイン後のアラートを受け付けました
2025-04-06 07:37:21 INFO: ログイン後 - 利用方法選択へ遷移
2025-04-06 07:37:24 INFO: 利用目的・種別を選択完了
2025-04-06 07:37:24 INFO: ▼ 選択対象の施設一覧: ['立沼テニス場', '大沼公園グラウンド']
2025-04-06 07:37:24 INFO: 施設チェック: 立沼テニス場 のチェックボックスを探します
2025-04-06 07:37:25 INFO:  → 立沼テニス場 チェック成功
2025-04-06 07:37:25 INFO: 施設チェック: 大沼公園グラウンド のチェックボックスを探します
2025-04-06 07:37:25 INFO:  → 大沼公園グラウンド チェック成功
2025-04-06 07:37:26 INFO: 施設選択完了
2025-04-06 07:37:29 INFO: (A) 施設別空き状況ページ到達
2025-04-06 07:37:31 INFO: (B) 時間帯別空き状況ページ到達 - ここでコート/時間帯をクリック
2025-04-06 07:37:31 ERROR: ユーザー 51010035 の予約処理中に例外発生: Alert Text: 申込したい日を選んでください。
Message: unexpected alert open: {Alert text : 申込したい日を選んでください。}
  (Session info: chrome=134.0.6998.178)
Stacktrace:
	GetHandleVerifier [0x00A6C7F3+24435]
	(No symbol) [0x009F2074]
	(No symbol) [0x008C06E3]
	(No symbol) [0x0094FC23]
	(No symbol) [0x0092D5B6]
	(No symbol) [0x008FC54F]
	(No symbol) [0x008FD894]
	GetHandleVerifier [0x00D770A3+3213347]
	GetHandleVerifier [0x00D8B0C9+3295305]
	GetHandleVerifier [0x00D8558C+3271948]
	GetHandleVerifier [0x00B07360+658144]
	(No symbol) [0x009FB27D]
	(No symbol) [0x009F8208]
	(No symbol) [0x009F83A9]
	(No symbol) [0x009EAAC0]
	BaseThreadInitThunk [0x75B47BA9+25]
	RtlInitializeExceptionChain [0x77D1C2EB+107]
	RtlClearBits [0x77D1C26F+191]

2025-04-06 07:37:33 INFO: === ユーザー 50020623 の予約を開始 ===
2025-04-06 07:37:33 INFO: TimePattern: A3
2025-04-06 07:37:33 INFO: ====== WebDriver manager ======
2025-04-06 07:37:34 INFO: Get LATEST chromedriver version for google-chrome
2025-04-06 07:37:34 INFO: Get LATEST chromedriver version for google-chrome
2025-04-06 07:37:34 INFO: Driver [C:\Users\ruiyo\.wdm\drivers\chromedriver\win64\134.0.6998.165\chromedriver-win32/chromedriver.exe] found in cache
2025-04-06 07:37:57 INFO: ログイン後 - 利用方法選択へ遷移
2025-04-06 07:37:59 INFO: 利用目的・種別を選択完了
2025-04-06 07:37:59 INFO: ▼ 選択対象の施設一覧: ['立沼テニス場', '大沼公園グラウンド']
2025-04-06 07:37:59 INFO: 施設チェック: 立沼テニス場 のチェックボックスを探します
2025-04-06 07:38:01 INFO:  → 立沼テニス場 チェック成功
2025-04-06 07:38:01 INFO: 施設チェック: 大沼公園グラウンド のチェックボックスを探します
2025-04-06 07:38:01 INFO:  → 大沼公園グラウンド チェック成功
2025-04-06 07:38:01 INFO: 施設選択完了
2025-04-06 07:38:08 INFO: (A) 施設別空き状況ページ到達
2025-04-06 07:38:28 INFO: (B) 時間帯別空き状況ページ到達 - ここでコート/時間帯をクリック
2025-04-06 07:38:28 INFO:   → 日付テーブル数: 62
2025-04-06 07:38:28 INFO: 
  *** 対象日付テーブル: 2025/07/01 ***
2025-04-06 07:38:28 INFO:     → 2025/07/01 は day_key=火曜日
2025-04-06 07:38:28 ERROR:     → day_key:火曜日 は 大沼公園グラウンド の設定に存在しない (スキップ)
2025-04-06 07:38:28 INFO: 
  *** 対象日付テーブル: 2025/07/01 ***
2025-04-06 07:38:28 INFO:     → 2025/07/01 は day_key=火曜日
2025-04-06 07:38:28 INFO:     → コート行の件数: 2
2025-04-06 07:38:28 INFO:     → ヘッダセルの件数: 6
2025-04-06 07:38:33 INFO:       → 予約選択: 2025/07/01 立沼テニス場 硬式Ａ 15:00〜17:00
2025-04-06 07:38:33 INFO: 
  *** 対象日付テーブル: 2025/07/02 ***
2025-04-06 07:38:33 INFO:     → 2025/07/02 は day_key=水曜日
2025-04-06 07:38:33 ERROR:     → day_key:水曜日 は 大沼公園グラウンド の設定に存在しない (スキップ)
2025-04-06 07:38:33 INFO: 
  *** 対象日付テーブル: 2025/07/02 ***
2025-04-06 07:38:33 INFO:     → 2025/07/02 は day_key=水曜日
2025-04-06 07:38:33 INFO:     → コート行の件数: 2
2025-04-06 07:38:33 INFO:     → ヘッダセルの件数: 6
2025-04-06 07:38:33 INFO:       → 予約選択: 2025/07/02 立沼テニス場 硬式Ａ 15:00〜17:00
2025-04-06 07:38:33 INFO: 
  *** 対象日付テーブル: 2025/07/03 ***
2025-04-06 07:38:33 INFO:     → 2025/07/03 は day_key=木曜日
2025-04-06 07:38:33 INFO:     → コート行の件数: 7
2025-04-06 07:38:33 INFO:     → ヘッダセルの件数: 8
2025-04-06 07:38:34 INFO:       → 予約選択: 2025/07/03 大沼公園グラウンド 共用Ａ 9:00〜11:00
2025-04-06 07:38:34 INFO:       → 予約選択: 2025/07/03 大沼公園グラウンド 共用Ａ 11:00〜13:00
2025-04-06 07:38:34 INFO: 
  *** 対象日付テーブル: 2025/07/03 ***
2025-04-06 07:38:34 INFO:     → 2025/07/03 は day_key=木曜日
2025-04-06 07:38:34 ERROR:     → day_key:木曜日 は 立沼テニス場 の設定に存在しない (スキップ)
2025-04-06 07:38:34 INFO: 
  *** 対象日付テーブル: 2025/07/04 ***
2025-04-06 07:38:34 INFO:     → 2025/07/04 は day_key=金曜日
2025-04-06 07:38:34 INFO:     → コート行の件数: 7
2025-04-06 07:38:34 INFO:     → ヘッダセルの件数: 8
2025-04-06 07:38:35 INFO:       → 予約選択: 2025/07/04 大沼公園グラウンド 共用Ａ 9:00〜11:00
2025-04-06 07:38:35 INFO:       → 予約選択: 2025/07/04 大沼公園グラウンド 共用Ａ 11:00〜13:00
2025-04-06 07:38:35 INFO: 
  *** 対象日付テーブル: 2025/07/04 ***
2025-04-06 07:38:35 INFO:     → 2025/07/04 は day_key=金曜日
2025-04-06 07:38:35 ERROR:     → day_key:金曜日 は 立沼テニス場 の設定に存在しない (スキップ)
2025-04-06 07:38:35 INFO: 
  *** 対象日付テーブル: 2025/07/05 ***
2025-04-06 07:38:35 INFO:     → 2025/07/05 は day_key=土曜日
2025-04-06 07:38:35 INFO:     → コート行の件数: 7
2025-04-06 07:38:35 INFO:     → ヘッダセルの件数: 8
2025-04-06 07:38:35 INFO:       → 予約選択: 2025/07/05 大沼公園グラウンド 共用Ａ 15:00〜17:00
2025-04-06 07:38:36 INFO: 
  *** 対象日付テーブル: 2025/07/05 ***
2025-04-06 07:38:36 INFO:     → 2025/07/05 は day_key=土曜日
2025-04-06 07:38:36 INFO:     → コート行の件数: 2
2025-04-06 07:38:36 INFO:     → ヘッダセルの件数: 6
2025-04-06 07:38:36 INFO:       → 予約選択: 2025/07/05 立沼テニス場 硬式Ａ 15:00〜17:00
2025-04-06 07:38:36 INFO: 
  *** 対象日付テーブル: 2025/07/06 ***
2025-04-06 07:38:36 INFO:     → 2025/07/06 は day_key=日曜日
2025-04-06 07:38:36 INFO:     → コート行の件数: 7
2025-04-06 07:38:36 INFO:     → ヘッダセルの件数: 8
2025-04-06 07:38:36 ERROR:       → 予約不可: 大沼公園グラウンド 共用Ａ 15:00〜17:00 → ×
2025-04-06 07:38:36 INFO: 
  *** 対象日付テーブル: 2025/07/06 ***
2025-04-06 07:38:36 INFO:     → 2025/07/06 は day_key=日曜日
2025-04-06 07:38:36 INFO:     → コート行の件数: 2
2025-04-06 07:38:36 INFO:     → ヘッダセルの件数: 6
2025-04-06 07:38:37 INFO:       → 予約選択: 2025/07/06 立沼テニス場 硬式Ａ 15:00〜17:00
2025-04-06 07:38:37 INFO: 
  *** 対象日付テーブル: 2025/07/07 ***
2025-04-06 07:38:37 INFO:     → 2025/07/07 は day_key=月曜日
2025-04-06 07:38:37 ERROR:     → day_key:月曜日 は 大沼公園グラウンド の設定に存在しない (スキップ)
2025-04-06 07:38:37 INFO: 
  *** 対象日付テーブル: 2025/07/07 ***
2025-04-06 07:38:37 INFO:     → 2025/07/07 は day_key=月曜日
2025-04-06 07:38:37 ERROR:     → day_key:月曜日 は 立沼テニス場 の設定に存在しない (スキップ)
2025-04-06 07:38:37 INFO: 
  *** 対象日付テーブル: 2025/07/08 ***
2025-04-06 07:38:37 INFO:     → 2025/07/08 は day_key=火曜日
2025-04-06 07:38:37 ERROR:     → day_key:火曜日 は 大沼公園グラウンド の設定に存在しない (スキップ)
2025-04-06 07:38:37 INFO: 
  *** 対象日付テーブル: 2025/07/08 ***
2025-04-06 07:38:37 INFO:     → 2025/07/08 は day_key=火曜日
2025-04-06 07:38:37 INFO:     → コート行の件数: 2
2025-04-06 07:38:37 INFO:     → ヘッダセルの件数: 6
2025-04-06 07:38:37 INFO:       → 予約選択: 2025/07/08 立沼テニス場 硬式Ａ 15:00〜17:00
2025-04-06 07:38:37 INFO: 
  *** 対象日付テーブル: 2025/07/09 ***
2025-04-06 07:38:37 INFO:     → 2025/07/09 は day_key=水曜日
2025-04-06 07:38:37 ERROR:     → day_key:水曜日 は 大沼公園グラウンド の設定に存在しない (スキップ)
2025-04-06 07:38:37 INFO: 
  *** 対象日付テーブル: 2025/07/09 ***
2025-04-06 07:38:37 INFO:     → 2025/07/09 は day_key=水曜日
2025-04-06 07:38:37 INFO:     → コート行の件数: 2
2025-04-06 07:38:37 INFO:     → ヘッダセルの件数: 6
2025-04-06 07:38:38 INFO:       → 予約選択: 2025/07/09 立沼テニス場 硬式Ａ 15:00〜17:00
2025-04-06 07:38:38 INFO: 
  *** 対象日付テーブル: 2025/07/10 ***
2025-04-06 07:38:38 INFO:     → 2025/07/10 は day_key=木曜日
2025-04-06 07:38:38 INFO:     → コート行の件数: 7
2025-04-06 07:38:38 INFO:     → ヘッダセルの件数: 8
2025-04-06 07:38:38 INFO:       → 予約選択: 2025/07/10 大沼公園グラウンド 共用Ａ 9:00〜11:00
2025-04-06 07:38:38 INFO:       → 予約選択: 2025/07/10 大沼公園グラウンド 共用Ａ 11:00〜13:00
2025-04-06 07:38:39 INFO: 
  *** 対象日付テーブル: 2025/07/10 ***
2025-04-06 07:38:39 INFO:     → 2025/07/10 は day_key=木曜日
2025-04-06 07:38:39 ERROR:     → day_key:木曜日 は 立沼テニス場 の設定に存在しない (スキップ)
2025-04-06 07:38:39 INFO: 
  *** 対象日付テーブル: 2025/07/11 ***
2025-04-06 07:38:39 INFO:     → 2025/07/11 は day_key=金曜日
2025-04-06 07:38:39 INFO:     → コート行の件数: 7
2025-04-06 07:38:39 INFO:     → ヘッダセルの件数: 8
2025-04-06 07:38:39 INFO:       → 予約選択: 2025/07/11 大沼公園グラウンド 共用Ａ 9:00〜11:00
2025-04-06 07:38:39 INFO:       → 予約選択: 2025/07/11 大沼公園グラウンド 共用Ａ 11:00〜13:00
2025-04-06 07:38:39 INFO: 
  *** 対象日付テーブル: 2025/07/11 ***
2025-04-06 07:38:39 INFO:     → 2025/07/11 は day_key=金曜日
2025-04-06 07:38:39 ERROR:     → day_key:金曜日 は 立沼テニス場 の設定に存在しない (スキップ)
2025-04-06 07:38:39 INFO: 
  *** 対象日付テーブル: 2025/07/12 ***
2025-04-06 07:38:39 INFO:     → 2025/07/12 は day_key=土曜日
2025-04-06 07:38:39 INFO:     → コート行の件数: 7
2025-04-06 07:38:39 INFO:     → ヘッダセルの件数: 8
2025-04-06 07:38:40 INFO:       → 予約選択: 2025/07/12 大沼公園グラウンド 共用Ａ 15:00〜17:00
2025-04-06 07:38:40 INFO: 
  *** 対象日付テーブル: 2025/07/12 ***
2025-04-06 07:38:40 INFO:     → 2025/07/12 は day_key=土曜日
2025-04-06 07:38:40 INFO:     → コート行の件数: 2
2025-04-06 07:38:40 INFO:     → ヘッダセルの件数: 6
2025-04-06 07:38:40 INFO:       → 予約選択: 2025/07/12 立沼テニス場 硬式Ａ 15:00〜17:00
2025-04-06 07:38:40 INFO: 
  *** 対象日付テーブル: 2025/07/13 ***
2025-04-06 07:38:40 INFO:     → 2025/07/13 は day_key=日曜日
2025-04-06 07:38:40 INFO:     → コート行の件数: 7
2025-04-06 07:38:40 INFO:     → ヘッダセルの件数: 8
2025-04-06 07:38:40 ERROR:       → 予約不可: 大沼公園グラウンド 共用Ａ 15:00〜17:00 → ×
2025-04-06 07:38:40 INFO: 
  *** 対象日付テーブル: 2025/07/13 ***
2025-04-06 07:38:40 INFO:     → 2025/07/13 は day_key=日曜日
2025-04-06 07:38:41 INFO:     → コート行の件数: 2
2025-04-06 07:38:41 INFO:     → ヘッダセルの件数: 6
2025-04-06 07:38:41 INFO:       → 予約選択: 2025/07/13 立沼テニス場 硬式Ａ 15:00〜17:00
2025-04-06 07:38:41 INFO: 
  *** 対象日付テーブル: 2025/07/14 ***
2025-04-06 07:38:41 INFO:     → 2025/07/14 は day_key=月曜日
2025-04-06 07:38:41 ERROR:     → day_key:月曜日 は 大沼公園グラウンド の設定に存在しない (スキップ)
2025-04-06 07:38:41 INFO: 
  *** 対象日付テーブル: 2025/07/14 ***
2025-04-06 07:38:41 INFO:     → 2025/07/14 は day_key=月曜日
2025-04-06 07:38:41 ERROR:     → day_key:月曜日 は 立沼テニス場 の設定に存在しない (スキップ)
2025-04-06 07:38:41 INFO: 
  *** 対象日付テーブル: 2025/07/15 ***
2025-04-06 07:38:41 INFO:     → 2025/07/15 は day_key=火曜日
2025-04-06 07:38:41 ERROR:     → day_key:火曜日 は 大沼公園グラウンド の設定に存在しない (スキップ)
2025-04-06 07:38:41 INFO: 
  *** 対象日付テーブル: 2025/07/15 ***
2025-04-06 07:38:41 INFO:     → 2025/07/15 は day_key=火曜日
2025-04-06 07:38:41 INFO:     → コート行の件数: 2
2025-04-06 07:38:41 INFO:     → ヘッダセルの件数: 6
2025-04-06 07:38:41 INFO:       → 予約選択: 2025/07/15 立沼テニス場 硬式Ａ 15:00〜17:00
2025-04-06 07:38:41 INFO: 
  *** 対象日付テーブル: 2025/07/16 ***
2025-04-06 07:38:41 INFO:     → 2025/07/16 は day_key=水曜日
2025-04-06 07:38:41 ERROR:     → day_key:水曜日 は 大沼公園グラウンド の設定に存在しない (スキップ)
2025-04-06 07:38:41 INFO: 
  *** 対象日付テーブル: 2025/07/16 ***
2025-04-06 07:38:41 INFO:     → 2025/07/16 は day_key=水曜日
2025-04-06 07:38:41 INFO:     → コート行の件数: 2
2025-04-06 07:38:41 INFO:     → ヘッダセルの件数: 6
2025-04-06 07:38:42 INFO:       → 予約選択: 2025/07/16 立沼テニス場 硬式Ａ 15:00〜17:00
2025-04-06 07:38:42 INFO: 
  *** 対象日付テーブル: 2025/07/17 ***
2025-04-06 07:38:42 INFO:     → 2025/07/17 は day_key=木曜日
2025-04-06 07:38:42 INFO:     → コート行の件数: 7
2025-04-06 07:38:42 INFO:     → ヘッダセルの件数: 8
2025-04-06 07:38:42 INFO:       → 予約選択: 2025/07/17 大沼公園グラウンド 共用Ａ 9:00〜11:00
2025-04-06 07:38:42 INFO:       → 予約選択: 2025/07/17 大沼公園グラウンド 共用Ａ 11:00〜13:00
2025-04-06 07:38:43 INFO: 
  *** 対象日付テーブル: 2025/07/17 ***
2025-04-06 07:38:43 INFO:     → 2025/07/17 は day_key=木曜日
2025-04-06 07:38:43 ERROR:     → day_key:木曜日 は 立沼テニス場 の設定に存在しない (スキップ)
2025-04-06 07:38:43 INFO: 
  *** 対象日付テーブル: 2025/07/18 ***
2025-04-06 07:38:43 INFO:     → 2025/07/18 は day_key=金曜日
2025-04-06 07:38:43 INFO:     → コート行の件数: 7
2025-04-06 07:38:43 INFO:     → ヘッダセルの件数: 8
2025-04-06 07:38:43 INFO:       → 予約選択: 2025/07/18 大沼公園グラウンド 共用Ａ 9:00〜11:00
2025-04-06 07:38:43 INFO:       → 予約選択: 2025/07/18 大沼公園グラウンド 共用Ａ 11:00〜13:00
2025-04-06 07:38:43 INFO: 
  *** 対象日付テーブル: 2025/07/18 ***
2025-04-06 07:38:43 INFO:     → 2025/07/18 は day_key=金曜日
2025-04-06 07:38:43 ERROR:     → day_key:金曜日 は 立沼テニス場 の設定に存在しない (スキップ)
2025-04-06 07:38:43 INFO: 
  *** 対象日付テーブル: 2025/07/19 ***
2025-04-06 07:38:43 INFO:     → 2025/07/19 は day_key=土曜日
2025-04-06 07:38:43 INFO:     → コート行の件数: 7
2025-04-06 07:38:43 INFO:     → ヘッダセルの件数: 8
2025-04-06 07:38:44 INFO:       → 予約選択: 2025/07/19 大沼公園グラウンド 共用Ａ 15:00〜17:00
2025-04-06 07:38:44 INFO: 
  *** 対象日付テーブル: 2025/07/19 ***
2025-04-06 07:38:44 INFO:     → 2025/07/19 は day_key=土曜日
2025-04-06 07:38:44 INFO:     → コート行の件数: 2
2025-04-06 07:38:44 INFO:     → ヘッダセルの件数: 6
2025-04-06 07:38:44 INFO:       → 予約選択: 2025/07/19 立沼テニス場 硬式Ａ 15:00〜17:00
2025-04-06 07:38:44 INFO: 
  *** 対象日付テーブル: 2025/07/20 ***
2025-04-06 07:38:44 INFO:     → 2025/07/20 は day_key=日曜日
2025-04-06 07:38:44 INFO:     → コート行の件数: 7
2025-04-06 07:38:44 INFO:     → ヘッダセルの件数: 8
2025-04-06 07:38:44 INFO:       → 予約選択: 2025/07/20 大沼公園グラウンド 共用Ａ 15:00〜17:00
2025-04-06 07:38:45 INFO: 
  *** 対象日付テーブル: 2025/07/20 ***
2025-04-06 07:38:45 INFO:     → 2025/07/20 は day_key=日曜日
2025-04-06 07:38:45 INFO:     → コート行の件数: 2
2025-04-06 07:38:45 INFO:     → ヘッダセルの件数: 6
2025-04-06 07:38:45 INFO:       → 予約選択: 2025/07/20 立沼テニス場 硬式Ａ 15:00〜17:00
2025-04-06 07:38:45 INFO: 
  *** 対象日付テーブル: 2025/07/21 ***
2025-04-06 07:38:45 INFO:     → 2025/07/21 は day_key=祝日
2025-04-06 07:38:45 INFO:     → コート行の件数: 7
2025-04-06 07:38:45 INFO:     → ヘッダセルの件数: 8
2025-04-06 07:38:45 INFO:       → 予約選択: 2025/07/21 大沼公園グラウンド 共用Ａ 15:00〜17:00
2025-04-06 07:38:46 INFO: 
  *** 対象日付テーブル: 2025/07/21 ***
2025-04-06 07:38:46 INFO:     → 2025/07/21 は day_key=祝日
2025-04-06 07:38:46 INFO:     → コート行の件数: 2
2025-04-06 07:38:46 INFO:     → ヘッダセルの件数: 6
2025-04-06 07:38:46 INFO:       → 予約選択: 2025/07/21 立沼テニス場 硬式Ａ 15:00〜17:00
2025-04-06 07:38:46 INFO: 
  *** 対象日付テーブル: 2025/07/22 ***
2025-04-06 07:38:46 INFO:     → 2025/07/22 は day_key=火曜日
2025-04-06 07:38:46 ERROR:     → day_key:火曜日 は 大沼公園グラウンド の設定に存在しない (スキップ)
2025-04-06 07:38:46 INFO: 
  *** 対象日付テーブル: 2025/07/22 ***
2025-04-06 07:38:46 INFO:     → 2025/07/22 は day_key=火曜日
2025-04-06 07:38:46 INFO:     → コート行の件数: 2
2025-04-06 07:38:46 INFO:     → ヘッダセルの件数: 6
2025-04-06 07:38:46 INFO:       → 予約選択: 2025/07/22 立沼テニス場 硬式Ａ 15:00〜17:00
2025-04-06 07:38:46 INFO: 
  *** 対象日付テーブル: 2025/07/23 ***
2025-04-06 07:38:46 INFO:     → 2025/07/23 は day_key=水曜日
2025-04-06 07:38:47 ERROR:     → day_key:水曜日 は 大沼公園グラウンド の設定に存在しない (スキップ)
2025-04-06 07:38:47 INFO: 
  *** 対象日付テーブル: 2025/07/23 ***
2025-04-06 07:38:47 INFO:     → 2025/07/23 は day_key=水曜日
2025-04-06 07:38:47 INFO:     → コート行の件数: 2
2025-04-06 07:38:47 INFO:     → ヘッダセルの件数: 6
2025-04-06 07:38:47 INFO:       → 予約選択: 2025/07/23 立沼テニス場 硬式Ａ 15:00〜17:00
2025-04-06 07:38:47 INFO: 
  *** 対象日付テーブル: 2025/07/24 ***
2025-04-06 07:38:47 INFO:     → 2025/07/24 は day_key=木曜日
2025-04-06 07:38:47 INFO:     → コート行の件数: 7
2025-04-06 07:38:47 INFO:     → ヘッダセルの件数: 8
2025-04-06 07:38:47 INFO:       → 予約選択: 2025/07/24 大沼公園グラウンド 共用Ａ 9:00〜11:00
2025-04-06 07:38:47 INFO:       → 予約選択: 2025/07/24 大沼公園グラウンド 共用Ａ 11:00〜13:00
2025-04-06 07:38:48 INFO: 
  *** 対象日付テーブル: 2025/07/24 ***
2025-04-06 07:38:48 INFO:     → 2025/07/24 は day_key=木曜日
2025-04-06 07:38:48 ERROR:     → day_key:木曜日 は 立沼テニス場 の設定に存在しない (スキップ)
2025-04-06 07:38:48 INFO: 
  *** 対象日付テーブル: 2025/07/25 ***
2025-04-06 07:38:48 INFO:     → 2025/07/25 は day_key=金曜日
2025-04-06 07:38:48 INFO:     → コート行の件数: 7
2025-04-06 07:38:48 INFO:     → ヘッダセルの件数: 8
2025-04-06 07:38:48 INFO:       → 予約選択: 2025/07/25 大沼公園グラウンド 共用Ａ 9:00〜11:00
2025-04-06 07:38:48 INFO:       → 予約選択: 2025/07/25 大沼公園グラウンド 共用Ａ 11:00〜13:00
2025-04-06 07:38:48 INFO: 
  *** 対象日付テーブル: 2025/07/25 ***
2025-04-06 07:38:48 INFO:     → 2025/07/25 は day_key=金曜日
2025-04-06 07:38:48 ERROR:     → day_key:金曜日 は 立沼テニス場 の設定に存在しない (スキップ)
2025-04-06 07:38:48 INFO: 
  *** 対象日付テーブル: 2025/07/26 ***
2025-04-06 07:38:48 INFO:     → 2025/07/26 は day_key=土曜日
2025-04-06 07:38:49 INFO:     → コート行の件数: 7
2025-04-06 07:38:49 INFO:     → ヘッダセルの件数: 8
2025-04-06 07:38:49 INFO:       → 予約選択: 2025/07/26 大沼公園グラウンド 共用Ａ 15:00〜17:00
2025-04-06 07:38:49 INFO: 
  *** 対象日付テーブル: 2025/07/26 ***
2025-04-06 07:38:49 INFO:     → 2025/07/26 は day_key=土曜日
2025-04-06 07:38:49 INFO:     → コート行の件数: 2
2025-04-06 07:38:49 INFO:     → ヘッダセルの件数: 6
2025-04-06 07:38:49 INFO:       → 予約選択: 2025/07/26 立沼テニス場 硬式Ａ 15:00〜17:00
2025-04-06 07:38:49 INFO: 
  *** 対象日付テーブル: 2025/07/27 ***
2025-04-06 07:38:49 INFO:     → 2025/07/27 は day_key=日曜日
2025-04-06 07:38:49 INFO:     → コート行の件数: 7
2025-04-06 07:38:49 INFO:     → ヘッダセルの件数: 8
2025-04-06 07:38:50 INFO:       → 予約選択: 2025/07/27 大沼公園グラウンド 共用Ａ 15:00〜17:00
2025-04-06 07:38:50 INFO: 
  *** 対象日付テーブル: 2025/07/27 ***
2025-04-06 07:38:50 INFO:     → 2025/07/27 は day_key=日曜日
2025-04-06 07:38:50 INFO:     → コート行の件数: 2
2025-04-06 07:38:50 INFO:     → ヘッダセルの件数: 6
2025-04-06 07:38:50 INFO:       → 予約選択: 2025/07/27 立沼テニス場 硬式Ａ 15:00〜17:00
2025-04-06 07:38:50 INFO: 
  *** 対象日付テーブル: 2025/07/28 ***
2025-04-06 07:38:50 INFO:     → 2025/07/28 は day_key=月曜日
2025-04-06 07:38:50 ERROR:     → day_key:月曜日 は 大沼公園グラウンド の設定に存在しない (スキップ)
2025-04-06 07:38:50 INFO: 
  *** 対象日付テーブル: 2025/07/28 ***
2025-04-06 07:38:50 INFO:     → 2025/07/28 は day_key=月曜日
2025-04-06 07:38:50 ERROR:     → day_key:月曜日 は 立沼テニス場 の設定に存在しない (スキップ)
2025-04-06 07:38:50 INFO: 
  *** 対象日付テーブル: 2025/07/29 ***
2025-04-06 07:38:50 INFO:     → 2025/07/29 は day_key=火曜日
2025-04-06 07:38:50 ERROR:     → day_key:火曜日 は 大沼公園グラウンド の設定に存在しない (スキップ)
2025-04-06 07:38:50 INFO: 
  *** 対象日付テーブル: 2025/07/29 ***
2025-04-06 07:38:50 INFO:     → 2025/07/29 は day_key=火曜日
2025-04-06 07:38:50 INFO:     → コート行の件数: 2
2025-04-06 07:38:50 INFO:     → ヘッダセルの件数: 6
2025-04-06 07:38:51 INFO:       → 予約選択: 2025/07/29 立沼テニス場 硬式Ａ 15:00〜17:00
2025-04-06 07:38:51 INFO: 
  *** 対象日付テーブル: 2025/07/30 ***
2025-04-06 07:38:51 INFO:     → 2025/07/30 は day_key=水曜日
2025-04-06 07:38:51 ERROR:     → day_key:水曜日 は 大沼公園グラウンド の設定に存在しない (スキップ)
2025-04-06 07:38:51 INFO: 
  *** 対象日付テーブル: 2025/07/30 ***
2025-04-06 07:38:51 INFO:     → 2025/07/30 は day_key=水曜日
2025-04-06 07:38:51 INFO:     → コート行の件数: 2
2025-04-06 07:38:51 INFO:     → ヘッダセルの件数: 6
2025-04-06 07:38:51 INFO:       → 予約選択: 2025/07/30 立沼テニス場 硬式Ａ 15:00〜17:00
2025-04-06 07:38:51 INFO: 
  *** 対象日付テーブル: 2025/07/31 ***
2025-04-06 07:38:51 INFO:     → 2025/07/31 は day_key=木曜日
2025-04-06 07:38:51 INFO:     → コート行の件数: 7
2025-04-06 07:38:51 INFO:     → ヘッダセルの件数: 8
2025-04-06 07:38:51 INFO:       → 予約選択: 2025/07/31 大沼公園グラウンド 共用Ａ 9:00〜11:00
2025-04-06 07:38:52 INFO:       → 予約選択: 2025/07/31 大沼公園グラウンド 共用Ａ 11:00〜13:00
2025-04-06 07:38:52 INFO: 
  *** 対象日付テーブル: 2025/07/31 ***
2025-04-06 07:38:52 INFO:     → 2025/07/31 は day_key=木曜日
2025-04-06 07:38:52 ERROR:     → day_key:木曜日 は 立沼テニス場 の設定に存在しない (スキップ)
2025-04-06 07:39:20 INFO: (C) 確認画面へ遷移
2025-04-06 07:39:20 INFO: 人数・コピー選択完了
2025-04-06 07:39:24 INFO: アラート発生: ＊の表示されている申込は、申込時間または申込回数または申込コマ数の制限を超えているため申込できません。詳細は注意事項欄をご覧ください。
2025-04-06 07:39:26 INFO: PDF保存: C:\pj\selenium\PDF\202504\50020623_川渕　菜穂_20250406_073926.pdf
2025-04-06 07:39:26 INFO: → ユーザー 50020623 の予約完了
2025-04-06 07:39:28 INFO: === ユーザー 52002338 の予約を開始 ===
2025-04-06 07:39:28 INFO: TimePattern: A3
2025-04-06 07:39:28 INFO: ====== WebDriver manager ======
2025-04-06 07:39:29 INFO: Get LATEST chromedriver version for google-chrome
2025-04-06 07:39:29 INFO: Get LATEST chromedriver version for google-chrome
2025-04-06 07:39:29 INFO: Driver [C:\Users\ruiyo\.wdm\drivers\chromedriver\win64\134.0.6998.165\chromedriver-win32/chromedriver.exe] found in cache
2025-04-06 07:39:51 INFO: ログイン後 - 利用方法選択へ遷移
2025-04-06 07:39:54 INFO: 利用目的・種別を選択完了
2025-04-06 07:39:54 INFO: ▼ 選択対象の施設一覧: ['立沼テニス場', '大沼公園グラウンド']
2025-04-06 07:39:54 INFO: 施設チェック: 立沼テニス場 のチェックボックスを探します
2025-04-06 07:39:54 INFO:  → 立沼テニス場 チェック成功
2025-04-06 07:39:54 INFO: 施設チェック: 大沼公園グラウンド のチェックボックスを探します
2025-04-06 07:39:54 INFO:  → 大沼公園グラウンド チェック成功
2025-04-06 07:39:54 INFO: 施設選択完了
2025-04-06 07:39:59 INFO: (A) 施設別空き状況ページ到達
2025-04-06 07:40:19 INFO: (B) 時間帯別空き状況ページ到達 - ここでコート/時間帯をクリック
2025-04-06 07:40:19 INFO:   → 日付テーブル数: 62
2025-04-06 07:40:19 INFO: 
  *** 対象日付テーブル: 2025/07/01 ***
2025-04-06 07:40:19 INFO:     → 2025/07/01 は day_key=火曜日
2025-04-06 07:40:19 ERROR:     → day_key:火曜日 は 大沼公園グラウンド の設定に存在しない (スキップ)
2025-04-06 07:40:19 INFO: 
  *** 対象日付テーブル: 2025/07/01 ***
2025-04-06 07:40:19 INFO:     → 2025/07/01 は day_key=火曜日
2025-04-06 07:40:19 INFO:     → コート行の件数: 2
2025-04-06 07:40:19 INFO:     → ヘッダセルの件数: 6
2025-04-06 07:40:23 INFO:       → 予約選択: 2025/07/01 立沼テニス場 硬式Ａ 15:00〜17:00
2025-04-06 07:40:23 INFO: 
  *** 対象日付テーブル: 2025/07/02 ***
2025-04-06 07:40:23 INFO:     → 2025/07/02 は day_key=水曜日
2025-04-06 07:40:23 ERROR:     → day_key:水曜日 は 大沼公園グラウンド の設定に存在しない (スキップ)
2025-04-06 07:40:23 INFO: 
  *** 対象日付テーブル: 2025/07/02 ***
2025-04-06 07:40:23 INFO:     → 2025/07/02 は day_key=水曜日
2025-04-06 07:40:23 INFO:     → コート行の件数: 2
2025-04-06 07:40:23 INFO:     → ヘッダセルの件数: 6
2025-04-06 07:40:23 INFO:       → 予約選択: 2025/07/02 立沼テニス場 硬式Ａ 15:00〜17:00
2025-04-06 07:40:24 INFO: 
  *** 対象日付テーブル: 2025/07/03 ***
2025-04-06 07:40:24 INFO:     → 2025/07/03 は day_key=木曜日
2025-04-06 07:40:24 INFO:     → コート行の件数: 7
2025-04-06 07:40:24 INFO:     → ヘッダセルの件数: 8
2025-04-06 07:40:24 INFO:       → 予約選択: 2025/07/03 大沼公園グラウンド 共用Ａ 9:00〜11:00
2025-04-06 07:40:24 INFO:       → 予約選択: 2025/07/03 大沼公園グラウンド 共用Ａ 11:00〜13:00
2025-04-06 07:40:24 INFO: 
  *** 対象日付テーブル: 2025/07/03 ***
2025-04-06 07:40:24 INFO:     → 2025/07/03 は day_key=木曜日
2025-04-06 07:40:24 ERROR:     → day_key:木曜日 は 立沼テニス場 の設定に存在しない (スキップ)
2025-04-06 07:40:24 INFO: 
  *** 対象日付テーブル: 2025/07/04 ***
2025-04-06 07:40:24 INFO:     → 2025/07/04 は day_key=金曜日
2025-04-06 07:40:24 INFO:     → コート行の件数: 7
2025-04-06 07:40:24 INFO:     → ヘッダセルの件数: 8
2025-04-06 07:40:25 INFO:       → 予約選択: 2025/07/04 大沼公園グラウンド 共用Ａ 9:00〜11:00
2025-04-06 07:40:25 INFO:       → 予約選択: 2025/07/04 大沼公園グラウンド 共用Ａ 11:00〜13:00
2025-04-06 07:40:25 INFO: 
  *** 対象日付テーブル: 2025/07/04 ***
2025-04-06 07:40:25 INFO:     → 2025/07/04 は day_key=金曜日
2025-04-06 07:40:25 ERROR:     → day_key:金曜日 は 立沼テニス場 の設定に存在しない (スキップ)
2025-04-06 07:40:25 INFO: 
  *** 対象日付テーブル: 2025/07/05 ***
2025-04-06 07:40:25 INFO:     → 2025/07/05 は day_key=土曜日
2025-04-06 07:40:25 INFO:     → コート行の件数: 7
2025-04-06 07:40:25 INFO:     → ヘッダセルの件数: 8
2025-04-06 07:40:25 INFO:       → 予約選択: 2025/07/05 大沼公園グラウンド 共用Ａ 15:00〜17:00
2025-04-06 07:40:26 INFO: 
  *** 対象日付テーブル: 2025/07/05 ***
2025-04-06 07:40:26 INFO:     → 2025/07/05 は day_key=土曜日
2025-04-06 07:40:26 INFO:     → コート行の件数: 2
2025-04-06 07:40:26 INFO:     → ヘッダセルの件数: 6
2025-04-06 07:40:26 INFO:       → 予約選択: 2025/07/05 立沼テニス場 硬式Ａ 15:00〜17:00
2025-04-06 07:40:26 INFO: 
  *** 対象日付テーブル: 2025/07/06 ***
2025-04-06 07:40:26 INFO:     → 2025/07/06 は day_key=日曜日
2025-04-06 07:40:26 INFO:     → コート行の件数: 7
2025-04-06 07:40:26 INFO:     → ヘッダセルの件数: 8
2025-04-06 07:40:26 ERROR:       → 予約不可: 大沼公園グラウンド 共用Ａ 15:00〜17:00 → ×
2025-04-06 07:40:26 INFO: 
  *** 対象日付テーブル: 2025/07/06 ***
2025-04-06 07:40:26 INFO:     → 2025/07/06 は day_key=日曜日
2025-04-06 07:40:26 INFO:     → コート行の件数: 2
2025-04-06 07:40:26 INFO:     → ヘッダセルの件数: 6
2025-04-06 07:40:26 INFO:       → 予約選択: 2025/07/06 立沼テニス場 硬式Ａ 15:00〜17:00
2025-04-06 07:40:27 INFO: 
  *** 対象日付テーブル: 2025/07/07 ***
2025-04-06 07:40:27 INFO:     → 2025/07/07 は day_key=月曜日
2025-04-06 07:40:27 ERROR:     → day_key:月曜日 は 大沼公園グラウンド の設定に存在しない (スキップ)
2025-04-06 07:40:27 INFO: 
  *** 対象日付テーブル: 2025/07/07 ***
2025-04-06 07:40:27 INFO:     → 2025/07/07 は day_key=月曜日
2025-04-06 07:40:27 ERROR:     → day_key:月曜日 は 立沼テニス場 の設定に存在しない (スキップ)
2025-04-06 07:40:27 INFO: 
  *** 対象日付テーブル: 2025/07/08 ***
2025-04-06 07:40:27 INFO:     → 2025/07/08 は day_key=火曜日
2025-04-06 07:40:27 ERROR:     → day_key:火曜日 は 大沼公園グラウンド の設定に存在しない (スキップ)
2025-04-06 07:40:27 INFO: 
  *** 対象日付テーブル: 2025/07/08 ***
2025-04-06 07:40:27 INFO:     → 2025/07/08 は day_key=火曜日
2025-04-06 07:40:27 INFO:     → コート行の件数: 2
2025-04-06 07:40:27 INFO:     → ヘッダセルの件数: 6
2025-04-06 07:40:27 INFO:       → 予約選択: 2025/07/08 立沼テニス場 硬式Ａ 15:00〜17:00
2025-04-06 07:40:27 INFO: 
  *** 対象日付テーブル: 2025/07/09 ***
2025-04-06 07:40:27 INFO:     → 2025/07/09 は day_key=水曜日
2025-04-06 07:40:27 ERROR:     → day_key:水曜日 は 大沼公園グラウンド の設定に存在しない (スキップ)
2025-04-06 07:40:27 INFO: 
  *** 対象日付テーブル: 2025/07/09 ***
2025-04-06 07:40:27 INFO:     → 2025/07/09 は day_key=水曜日
2025-04-06 07:40:27 INFO:     → コート行の件数: 2
2025-04-06 07:40:27 INFO:     → ヘッダセルの件数: 6
2025-04-06 07:40:27 INFO:       → 予約選択: 2025/07/09 立沼テニス場 硬式Ａ 15:00〜17:00
2025-04-06 07:40:28 INFO: 
  *** 対象日付テーブル: 2025/07/10 ***
2025-04-06 07:40:28 INFO:     → 2025/07/10 は day_key=木曜日
2025-04-06 07:40:28 INFO:     → コート行の件数: 7
2025-04-06 07:40:28 INFO:     → ヘッダセルの件数: 8
2025-04-06 07:40:28 INFO:       → 予約選択: 2025/07/10 大沼公園グラウンド 共用Ａ 9:00〜11:00
2025-04-06 07:40:28 INFO:       → 予約選択: 2025/07/10 大沼公園グラウンド 共用Ａ 11:00〜13:00
2025-04-06 07:40:28 INFO: 
  *** 対象日付テーブル: 2025/07/10 ***
2025-04-06 07:40:28 INFO:     → 2025/07/10 は day_key=木曜日
2025-04-06 07:40:28 ERROR:     → day_key:木曜日 は 立沼テニス場 の設定に存在しない (スキップ)
2025-04-06 07:40:28 INFO: 
  *** 対象日付テーブル: 2025/07/11 ***
2025-04-06 07:40:28 INFO:     → 2025/07/11 は day_key=金曜日
2025-04-06 07:40:28 INFO:     → コート行の件数: 7
2025-04-06 07:40:28 INFO:     → ヘッダセルの件数: 8
2025-04-06 07:40:28 INFO:       → 予約選択: 2025/07/11 大沼公園グラウンド 共用Ａ 9:00〜11:00
2025-04-06 07:40:29 INFO:       → 予約選択: 2025/07/11 大沼公園グラウンド 共用Ａ 11:00〜13:00
2025-04-06 07:40:29 INFO: 
  *** 対象日付テーブル: 2025/07/11 ***
2025-04-06 07:40:29 INFO:     → 2025/07/11 は day_key=金曜日
2025-04-06 07:40:29 ERROR:     → day_key:金曜日 は 立沼テニス場 の設定に存在しない (スキップ)
2025-04-06 07:40:29 INFO: 
  *** 対象日付テーブル: 2025/07/12 ***
2025-04-06 07:40:29 INFO:     → 2025/07/12 は day_key=土曜日
2025-04-06 07:40:29 INFO:     → コート行の件数: 7
2025-04-06 07:40:29 INFO:     → ヘッダセルの件数: 8
2025-04-06 07:40:29 INFO:       → 予約選択: 2025/07/12 大沼公園グラウンド 共用Ａ 15:00〜17:00
2025-04-06 07:40:30 INFO: 
  *** 対象日付テーブル: 2025/07/12 ***
2025-04-06 07:40:30 INFO:     → 2025/07/12 は day_key=土曜日
2025-04-06 07:40:30 INFO:     → コート行の件数: 2
2025-04-06 07:40:30 INFO:     → ヘッダセルの件数: 6
2025-04-06 07:40:30 INFO:       → 予約選択: 2025/07/12 立沼テニス場 硬式Ａ 15:00〜17:00
2025-04-06 07:40:30 INFO: 
  *** 対象日付テーブル: 2025/07/13 ***
2025-04-06 07:40:30 INFO:     → 2025/07/13 は day_key=日曜日
2025-04-06 07:40:30 INFO:     → コート行の件数: 7
2025-04-06 07:40:30 INFO:     → ヘッダセルの件数: 8
2025-04-06 07:40:30 ERROR:       → 予約不可: 大沼公園グラウンド 共用Ａ 15:00〜17:00 → ×
2025-04-06 07:40:30 INFO: 
  *** 対象日付テーブル: 2025/07/13 ***
2025-04-06 07:40:30 INFO:     → 2025/07/13 は day_key=日曜日
2025-04-06 07:40:30 INFO:     → コート行の件数: 2
2025-04-06 07:40:30 INFO:     → ヘッダセルの件数: 6
2025-04-06 07:40:30 INFO:       → 予約選択: 2025/07/13 立沼テニス場 硬式Ａ 15:00〜17:00
2025-04-06 07:40:31 INFO: 
  *** 対象日付テーブル: 2025/07/14 ***
2025-04-06 07:40:31 INFO:     → 2025/07/14 は day_key=月曜日
2025-04-06 07:40:31 ERROR:     → day_key:月曜日 は 大沼公園グラウンド の設定に存在しない (スキップ)
2025-04-06 07:40:31 INFO: 
  *** 対象日付テーブル: 2025/07/14 ***
2025-04-06 07:40:31 INFO:     → 2025/07/14 は day_key=月曜日
2025-04-06 07:40:31 ERROR:     → day_key:月曜日 は 立沼テニス場 の設定に存在しない (スキップ)
2025-04-06 07:40:31 INFO: 
  *** 対象日付テーブル: 2025/07/15 ***
2025-04-06 07:40:31 INFO:     → 2025/07/15 は day_key=火曜日
2025-04-06 07:40:31 ERROR:     → day_key:火曜日 は 大沼公園グラウンド の設定に存在しない (スキップ)
2025-04-06 07:40:31 INFO: 
  *** 対象日付テーブル: 2025/07/15 ***
2025-04-06 07:40:31 INFO:     → 2025/07/15 は day_key=火曜日
2025-04-06 07:40:31 INFO:     → コート行の件数: 2
2025-04-06 07:40:31 INFO:     → ヘッダセルの件数: 6
2025-04-06 07:40:31 INFO:       → 予約選択: 2025/07/15 立沼テニス場 硬式Ａ 15:00〜17:00
2025-04-06 07:40:31 INFO: 
  *** 対象日付テーブル: 2025/07/16 ***
2025-04-06 07:40:31 INFO:     → 2025/07/16 は day_key=水曜日
2025-04-06 07:40:31 ERROR:     → day_key:水曜日 は 大沼公園グラウンド の設定に存在しない (スキップ)
2025-04-06 07:40:31 INFO: 
  *** 対象日付テーブル: 2025/07/16 ***
2025-04-06 07:40:31 INFO:     → 2025/07/16 は day_key=水曜日
2025-04-06 07:40:31 INFO:     → コート行の件数: 2
2025-04-06 07:40:31 INFO:     → ヘッダセルの件数: 6
2025-04-06 07:40:31 INFO:       → 予約選択: 2025/07/16 立沼テニス場 硬式Ａ 15:00〜17:00
2025-04-06 07:40:31 INFO: 
  *** 対象日付テーブル: 2025/07/17 ***
2025-04-06 07:40:31 INFO:     → 2025/07/17 は day_key=木曜日
2025-04-06 07:40:32 INFO:     → コート行の件数: 7
2025-04-06 07:40:32 INFO:     → ヘッダセルの件数: 8
2025-04-06 07:40:32 INFO:       → 予約選択: 2025/07/17 大沼公園グラウンド 共用Ａ 9:00〜11:00
2025-04-06 07:40:32 INFO:       → 予約選択: 2025/07/17 大沼公園グラウンド 共用Ａ 11:00〜13:00
2025-04-06 07:40:32 INFO: 
  *** 対象日付テーブル: 2025/07/17 ***
2025-04-06 07:40:32 INFO:     → 2025/07/17 は day_key=木曜日
2025-04-06 07:40:32 ERROR:     → day_key:木曜日 は 立沼テニス場 の設定に存在しない (スキップ)
2025-04-06 07:40:32 INFO: 
  *** 対象日付テーブル: 2025/07/18 ***
2025-04-06 07:40:32 INFO:     → 2025/07/18 は day_key=金曜日
2025-04-06 07:40:32 INFO:     → コート行の件数: 7
2025-04-06 07:40:32 INFO:     → ヘッダセルの件数: 8
2025-04-06 07:40:32 INFO:       → 予約選択: 2025/07/18 大沼公園グラウンド 共用Ａ 9:00〜11:00
2025-04-06 07:40:33 INFO:       → 予約選択: 2025/07/18 大沼公園グラウンド 共用Ａ 11:00〜13:00
2025-04-06 07:40:33 INFO: 
  *** 対象日付テーブル: 2025/07/18 ***
2025-04-06 07:40:33 INFO:     → 2025/07/18 は day_key=金曜日
2025-04-06 07:40:33 ERROR:     → day_key:金曜日 は 立沼テニス場 の設定に存在しない (スキップ)
2025-04-06 07:40:33 INFO: 
  *** 対象日付テーブル: 2025/07/19 ***
2025-04-06 07:40:33 INFO:     → 2025/07/19 は day_key=土曜日
2025-04-06 07:40:33 INFO:     → コート行の件数: 7
2025-04-06 07:40:33 INFO:     → ヘッダセルの件数: 8
2025-04-06 07:40:33 INFO:       → 予約選択: 2025/07/19 大沼公園グラウンド 共用Ａ 15:00〜17:00
2025-04-06 07:40:34 INFO: 
  *** 対象日付テーブル: 2025/07/19 ***
2025-04-06 07:40:34 INFO:     → 2025/07/19 は day_key=土曜日
2025-04-06 07:40:34 INFO:     → コート行の件数: 2
2025-04-06 07:40:34 INFO:     → ヘッダセルの件数: 6
2025-04-06 07:40:34 INFO:       → 予約選択: 2025/07/19 立沼テニス場 硬式Ａ 15:00〜17:00
2025-04-06 07:40:34 INFO: 
  *** 対象日付テーブル: 2025/07/20 ***
2025-04-06 07:40:34 INFO:     → 2025/07/20 は day_key=日曜日
2025-04-06 07:40:34 INFO:     → コート行の件数: 7
2025-04-06 07:40:34 INFO:     → ヘッダセルの件数: 8
2025-04-06 07:40:34 INFO:       → 予約選択: 2025/07/20 大沼公園グラウンド 共用Ａ 15:00〜17:00
2025-04-06 07:40:34 INFO: 
  *** 対象日付テーブル: 2025/07/20 ***
2025-04-06 07:40:34 INFO:     → 2025/07/20 は day_key=日曜日
2025-04-06 07:40:34 INFO:     → コート行の件数: 2
2025-04-06 07:40:34 INFO:     → ヘッダセルの件数: 6
2025-04-06 07:40:35 INFO:       → 予約選択: 2025/07/20 立沼テニス場 硬式Ａ 15:00〜17:00
2025-04-06 07:40:35 INFO: 
  *** 対象日付テーブル: 2025/07/21 ***
2025-04-06 07:40:35 INFO:     → 2025/07/21 は day_key=祝日
2025-04-06 07:40:35 INFO:     → コート行の件数: 7
2025-04-06 07:40:35 INFO:     → ヘッダセルの件数: 8
2025-04-06 07:40:35 INFO:       → 予約選択: 2025/07/21 大沼公園グラウンド 共用Ａ 15:00〜17:00
2025-04-06 07:40:35 INFO: 
  *** 対象日付テーブル: 2025/07/21 ***
2025-04-06 07:40:35 INFO:     → 2025/07/21 は day_key=祝日
2025-04-06 07:40:35 INFO:     → コート行の件数: 2
2025-04-06 07:40:35 INFO:     → ヘッダセルの件数: 6
2025-04-06 07:40:35 INFO:       → 予約選択: 2025/07/21 立沼テニス場 硬式Ａ 15:00〜17:00
2025-04-06 07:40:36 INFO: 
  *** 対象日付テーブル: 2025/07/22 ***
2025-04-06 07:40:36 INFO:     → 2025/07/22 は day_key=火曜日
2025-04-06 07:40:36 ERROR:     → day_key:火曜日 は 大沼公園グラウンド の設定に存在しない (スキップ)
2025-04-06 07:40:36 INFO: 
  *** 対象日付テーブル: 2025/07/22 ***
2025-04-06 07:40:36 INFO:     → 2025/07/22 は day_key=火曜日
2025-04-06 07:40:36 INFO:     → コート行の件数: 2
2025-04-06 07:40:36 INFO:     → ヘッダセルの件数: 6
2025-04-06 07:40:36 INFO:       → 予約選択: 2025/07/22 立沼テニス場 硬式Ａ 15:00〜17:00
2025-04-06 07:40:36 INFO: 
  *** 対象日付テーブル: 2025/07/23 ***
2025-04-06 07:40:36 INFO:     → 2025/07/23 は day_key=水曜日
2025-04-06 07:40:36 ERROR:     → day_key:水曜日 は 大沼公園グラウンド の設定に存在しない (スキップ)
2025-04-06 07:40:36 INFO: 
  *** 対象日付テーブル: 2025/07/23 ***
2025-04-06 07:40:36 INFO:     → 2025/07/23 は day_key=水曜日
2025-04-06 07:40:36 INFO:     → コート行の件数: 2
2025-04-06 07:40:36 INFO:     → ヘッダセルの件数: 6
2025-04-06 07:40:36 INFO:       → 予約選択: 2025/07/23 立沼テニス場 硬式Ａ 15:00〜17:00
2025-04-06 07:40:36 INFO: 
  *** 対象日付テーブル: 2025/07/24 ***
2025-04-06 07:40:36 INFO:     → 2025/07/24 は day_key=木曜日
2025-04-06 07:40:36 INFO:     → コート行の件数: 7
2025-04-06 07:40:36 INFO:     → ヘッダセルの件数: 8
2025-04-06 07:40:37 INFO:       → 予約選択: 2025/07/24 大沼公園グラウンド 共用Ａ 9:00〜11:00
2025-04-06 07:40:37 INFO:       → 予約選択: 2025/07/24 大沼公園グラウンド 共用Ａ 11:00〜13:00
2025-04-06 07:40:37 INFO: 
  *** 対象日付テーブル: 2025/07/24 ***
2025-04-06 07:40:37 INFO:     → 2025/07/24 は day_key=木曜日
2025-04-06 07:40:37 ERROR:     → day_key:木曜日 は 立沼テニス場 の設定に存在しない (スキップ)
2025-04-06 07:40:37 INFO: 
  *** 対象日付テーブル: 2025/07/25 ***
2025-04-06 07:40:37 INFO:     → 2025/07/25 は day_key=金曜日
2025-04-06 07:40:37 INFO:     → コート行の件数: 7
2025-04-06 07:40:37 INFO:     → ヘッダセルの件数: 8
2025-04-06 07:40:37 INFO:       → 予約選択: 2025/07/25 大沼公園グラウンド 共用Ａ 9:00〜11:00
2025-04-06 07:40:38 INFO:       → 予約選択: 2025/07/25 大沼公園グラウンド 共用Ａ 11:00〜13:00
2025-04-06 07:40:38 INFO: 
  *** 対象日付テーブル: 2025/07/25 ***
2025-04-06 07:40:38 INFO:     → 2025/07/25 は day_key=金曜日
2025-04-06 07:40:38 ERROR:     → day_key:金曜日 は 立沼テニス場 の設定に存在しない (スキップ)
2025-04-06 07:40:38 INFO: 
  *** 対象日付テーブル: 2025/07/26 ***
2025-04-06 07:40:38 INFO:     → 2025/07/26 は day_key=土曜日
2025-04-06 07:40:38 INFO:     → コート行の件数: 7
2025-04-06 07:40:38 INFO:     → ヘッダセルの件数: 8
2025-04-06 07:40:38 INFO:       → 予約選択: 2025/07/26 大沼公園グラウンド 共用Ａ 15:00〜17:00
2025-04-06 07:40:38 INFO: 
  *** 対象日付テーブル: 2025/07/26 ***
2025-04-06 07:40:38 INFO:     → 2025/07/26 は day_key=土曜日
2025-04-06 07:40:39 INFO:     → コート行の件数: 2
2025-04-06 07:40:39 INFO:     → ヘッダセルの件数: 6
2025-04-06 07:40:39 INFO:       → 予約選択: 2025/07/26 立沼テニス場 硬式Ａ 15:00〜17:00
2025-04-06 07:40:39 INFO: 
  *** 対象日付テーブル: 2025/07/27 ***
2025-04-06 07:40:39 INFO:     → 2025/07/27 は day_key=日曜日
2025-04-06 07:40:39 INFO:     → コート行の件数: 7
2025-04-06 07:40:39 INFO:     → ヘッダセルの件数: 8
2025-04-06 07:40:39 INFO:       → 予約選択: 2025/07/27 大沼公園グラウンド 共用Ａ 15:00〜17:00
2025-04-06 07:40:39 INFO: 
  *** 対象日付テーブル: 2025/07/27 ***
2025-04-06 07:40:39 INFO:     → 2025/07/27 は day_key=日曜日
2025-04-06 07:40:39 INFO:     → コート行の件数: 2
2025-04-06 07:40:39 INFO:     → ヘッダセルの件数: 6
2025-04-06 07:40:40 INFO:       → 予約選択: 2025/07/27 立沼テニス場 硬式Ａ 15:00〜17:00
2025-04-06 07:40:40 INFO: 
  *** 対象日付テーブル: 2025/07/28 ***
2025-04-06 07:40:40 INFO:     → 2025/07/28 は day_key=月曜日
2025-04-06 07:40:40 ERROR:     → day_key:月曜日 は 大沼公園グラウンド の設定に存在しない (スキップ)
2025-04-06 07:40:40 INFO: 
  *** 対象日付テーブル: 2025/07/28 ***
2025-04-06 07:40:40 INFO:     → 2025/07/28 は day_key=月曜日
2025-04-06 07:40:40 ERROR:     → day_key:月曜日 は 立沼テニス場 の設定に存在しない (スキップ)
2025-04-06 07:40:40 INFO: 
  *** 対象日付テーブル: 2025/07/29 ***
2025-04-06 07:40:40 INFO:     → 2025/07/29 は day_key=火曜日
2025-04-06 07:40:40 ERROR:     → day_key:火曜日 は 大沼公園グラウンド の設定に存在しない (スキップ)
2025-04-06 07:40:40 INFO: 
  *** 対象日付テーブル: 2025/07/29 ***
2025-04-06 07:40:40 INFO:     → 2025/07/29 は day_key=火曜日
2025-04-06 07:40:40 INFO:     → コート行の件数: 2
2025-04-06 07:40:40 INFO:     → ヘッダセルの件数: 6
2025-04-06 07:40:40 INFO:       → 予約選択: 2025/07/29 立沼テニス場 硬式Ａ 15:00〜17:00
2025-04-06 07:40:40 INFO: 
  *** 対象日付テーブル: 2025/07/30 ***
2025-04-06 07:40:40 INFO:     → 2025/07/30 は day_key=水曜日
2025-04-06 07:40:40 ERROR:     → day_key:水曜日 は 大沼公園グラウンド の設定に存在しない (スキップ)
2025-04-06 07:40:40 INFO: 
  *** 対象日付テーブル: 2025/07/30 ***
2025-04-06 07:40:40 INFO:     → 2025/07/30 は day_key=水曜日
2025-04-06 07:40:40 INFO:     → コート行の件数: 2
2025-04-06 07:40:40 INFO:     → ヘッダセルの件数: 6
2025-04-06 07:40:40 INFO:       → 予約選択: 2025/07/30 立沼テニス場 硬式Ａ 15:00〜17:00
2025-04-06 07:40:41 INFO: 
  *** 対象日付テーブル: 2025/07/31 ***
2025-04-06 07:40:41 INFO:     → 2025/07/31 は day_key=木曜日
2025-04-06 07:40:41 INFO:     → コート行の件数: 7
2025-04-06 07:40:41 INFO:     → ヘッダセルの件数: 8
2025-04-06 07:40:41 INFO:       → 予約選択: 2025/07/31 大沼公園グラウンド 共用Ａ 9:00〜11:00
2025-04-06 07:40:41 INFO:       → 予約選択: 2025/07/31 大沼公園グラウンド 共用Ａ 11:00〜13:00
2025-04-06 07:40:41 INFO: 
  *** 対象日付テーブル: 2025/07/31 ***
2025-04-06 07:40:41 INFO:     → 2025/07/31 は day_key=木曜日
2025-04-06 07:40:41 ERROR:     → day_key:木曜日 は 立沼テニス場 の設定に存在しない (スキップ)
2025-04-06 07:40:42 INFO: (C) 確認画面へ遷移
2025-04-06 07:41:09 INFO: 人数・コピー選択完了
2025-04-06 07:41:12 INFO: アラート発生: ＊の表示されている申込は、申込時間または申込回数または申込コマ数の制限を超えているため申込できません。詳細は注意事項欄をご覧ください。
2025-04-06 07:41:14 INFO: PDF保存: C:\pj\selenium\PDF\202504\52002338_近藤　亜希_20250406_074114.pdf
2025-04-06 07:41:14 INFO: → ユーザー 52002338 の予約完了
2025-04-06 07:41:16 INFO: 全ユーザーの予約処理が完了しました。
